{
    "C:\\CarProject\\FrontEnd\\Car\\api-service\\APIConfig.tsx": {
        "path": "C:\\CarProject\\FrontEnd\\Car\\api-service\\APIConfig.tsx",
        "statementMap": {
            "0": {
                "start": { "line": 1, "column": 18 },
                "end": { "line": 3, "column": 1 }
            }
        },
        "fnMap": {},
        "branchMap": {},
        "s": { "0": 4 },
        "f": {},
        "b": {},
        "_coverageSchema": "1a1c01bbd47fc00a2c39e90264f33305004495a9",
        "hash": "95c9b40ff22c946c860d5203014320dfffe7a840"
    },
    "C:\\CarProject\\FrontEnd\\Car\\api-service\\APIRoutes.tsx": {
        "path": "C:\\CarProject\\FrontEnd\\Car\\api-service\\APIRoutes.tsx",
        "statementMap": {
            "0": {
                "start": { "line": 3, "column": 18 },
                "end": { "line": 39, "column": 1 }
            },
            "1": {
                "start": { "line": 5, "column": 8 },
                "end": { "line": 5, "column": 45 }
            },
            "2": {
                "start": { "line": 9, "column": 8 },
                "end": { "line": 9, "column": 43 }
            },
            "3": {
                "start": { "line": 13, "column": 8 },
                "end": { "line": 13, "column": 49 }
            },
            "4": {
                "start": { "line": 17, "column": 8 },
                "end": { "line": 17, "column": 47 }
            },
            "5": {
                "start": { "line": 21, "column": 8 },
                "end": { "line": 21, "column": 44 }
            },
            "6": {
                "start": { "line": 25, "column": 8 },
                "end": { "line": 25, "column": 45 }
            },
            "7": {
                "start": { "line": 29, "column": 8 },
                "end": { "line": 29, "column": 51 }
            },
            "8": {
                "start": { "line": 33, "column": 8 },
                "end": { "line": 33, "column": 55 }
            },
            "9": {
                "start": { "line": 37, "column": 8 },
                "end": { "line": 37, "column": 44 }
            }
        },
        "fnMap": {
            "0": {
                "name": "(anonymous_0)",
                "decl": {
                    "start": { "line": 4, "column": 17 },
                    "end": { "line": 4, "column": 18 }
                },
                "loc": {
                    "start": { "line": 4, "column": 23 },
                    "end": { "line": 6, "column": 5 }
                },
                "line": 4
            },
            "1": {
                "name": "(anonymous_1)",
                "decl": {
                    "start": { "line": 8, "column": 15 },
                    "end": { "line": 8, "column": 16 }
                },
                "loc": {
                    "start": { "line": 8, "column": 21 },
                    "end": { "line": 10, "column": 5 }
                },
                "line": 8
            },
            "2": {
                "name": "(anonymous_2)",
                "decl": {
                    "start": { "line": 12, "column": 16 },
                    "end": { "line": 12, "column": 17 }
                },
                "loc": {
                    "start": { "line": 12, "column": 22 },
                    "end": { "line": 14, "column": 5 }
                },
                "line": 12
            },
            "3": {
                "name": "(anonymous_3)",
                "decl": {
                    "start": { "line": 16, "column": 19 },
                    "end": { "line": 16, "column": 20 }
                },
                "loc": {
                    "start": { "line": 16, "column": 25 },
                    "end": { "line": 18, "column": 5 }
                },
                "line": 16
            },
            "4": {
                "name": "(anonymous_4)",
                "decl": {
                    "start": { "line": 20, "column": 18 },
                    "end": { "line": 20, "column": 19 }
                },
                "loc": {
                    "start": { "line": 20, "column": 24 },
                    "end": { "line": 22, "column": 5 }
                },
                "line": 20
            },
            "5": {
                "name": "(anonymous_5)",
                "decl": {
                    "start": { "line": 24, "column": 17 },
                    "end": { "line": 24, "column": 18 }
                },
                "loc": {
                    "start": { "line": 24, "column": 23 },
                    "end": { "line": 26, "column": 5 }
                },
                "line": 24
            },
            "6": {
                "name": "(anonymous_6)",
                "decl": {
                    "start": { "line": 28, "column": 25 },
                    "end": { "line": 28, "column": 26 }
                },
                "loc": {
                    "start": { "line": 28, "column": 31 },
                    "end": { "line": 30, "column": 5 }
                },
                "line": 28
            },
            "7": {
                "name": "(anonymous_7)",
                "decl": {
                    "start": { "line": 32, "column": 23 },
                    "end": { "line": 32, "column": 24 }
                },
                "loc": {
                    "start": { "line": 32, "column": 29 },
                    "end": { "line": 34, "column": 5 }
                },
                "line": 32
            },
            "8": {
                "name": "(anonymous_8)",
                "decl": {
                    "start": { "line": 36, "column": 16 },
                    "end": { "line": 36, "column": 17 }
                },
                "loc": {
                    "start": { "line": 36, "column": 22 },
                    "end": { "line": 38, "column": 5 }
                },
                "line": 36
            }
        },
        "branchMap": {},
        "s": {
            "0": 4,
            "1": 0,
            "2": 0,
            "3": 1,
            "4": 0,
            "5": 1,
            "6": 0,
            "7": 0,
            "8": 1,
            "9": 1
        },
        "f": {
            "0": 0,
            "1": 0,
            "2": 1,
            "3": 0,
            "4": 1,
            "5": 0,
            "6": 0,
            "7": 1,
            "8": 1
        },
        "b": {},
        "_coverageSchema": "1a1c01bbd47fc00a2c39e90264f33305004495a9",
        "hash": "0d391aeb2ed9dc769fa8486f7477d3f2897d1000"
    },
    "C:\\CarProject\\FrontEnd\\Car\\api-service\\APIService.tsx": {
        "path": "C:\\CarProject\\FrontEnd\\Car\\api-service\\APIService.tsx",
        "statementMap": {
            "0": {
                "start": { "line": 3, "column": 20 },
                "end": { "line": 8, "column": 1 }
            },
            "1": {
                "start": { "line": 10, "column": 19 },
                "end": { "line": 26, "column": 1 }
            },
            "2": {
                "start": { "line": 12, "column": 8 },
                "end": { "line": 12, "column": 73 }
            },
            "3": {
                "start": { "line": 16, "column": 8 },
                "end": { "line": 16, "column": 74 }
            },
            "4": {
                "start": { "line": 20, "column": 8 },
                "end": { "line": 20, "column": 73 }
            },
            "5": {
                "start": { "line": 24, "column": 8 },
                "end": { "line": 24, "column": 76 }
            }
        },
        "fnMap": {
            "0": {
                "name": "(anonymous_0)",
                "decl": {
                    "start": { "line": 11, "column": 4 },
                    "end": { "line": 11, "column": 5 }
                },
                "loc": {
                    "start": { "line": 11, "column": 38 },
                    "end": { "line": 13, "column": 5 }
                },
                "line": 11
            },
            "1": {
                "name": "(anonymous_1)",
                "decl": {
                    "start": { "line": 15, "column": 4 },
                    "end": { "line": 15, "column": 5 }
                },
                "loc": {
                    "start": { "line": 15, "column": 39 },
                    "end": { "line": 17, "column": 5 }
                },
                "line": 15
            },
            "2": {
                "name": "(anonymous_2)",
                "decl": {
                    "start": { "line": 19, "column": 4 },
                    "end": { "line": 19, "column": 5 }
                },
                "loc": {
                    "start": { "line": 19, "column": 38 },
                    "end": { "line": 21, "column": 5 }
                },
                "line": 19
            },
            "3": {
                "name": "(anonymous_3)",
                "decl": {
                    "start": { "line": 23, "column": 4 },
                    "end": { "line": 23, "column": 5 }
                },
                "loc": {
                    "start": { "line": 23, "column": 41 },
                    "end": { "line": 25, "column": 5 }
                },
                "line": 23
            }
        },
        "branchMap": {},
        "s": { "0": 4, "1": 4, "2": 0, "3": 0, "4": 0, "5": 0 },
        "f": { "0": 0, "1": 0, "2": 0, "3": 0 },
        "b": {},
        "_coverageSchema": "1a1c01bbd47fc00a2c39e90264f33305004495a9",
        "hash": "69370be8c7594fb82cd9d627fbf92ace97b7d591"
    },
    "C:\\CarProject\\FrontEnd\\Car\\api-service\\Axios.tsx": {
        "path": "C:\\CarProject\\FrontEnd\\Car\\api-service\\Axios.tsx",
        "statementMap": {
            "0": {
                "start": { "line": 5, "column": 14 },
                "end": { "line": 5, "column": 46 }
            },
            "1": {
                "start": { "line": 7, "column": 0 },
                "end": { "line": 34, "column": 2 }
            },
            "2": {
                "start": { "line": 9, "column": 22 },
                "end": { "line": 9, "column": 53 }
            },
            "3": {
                "start": { "line": 11, "column": 8 },
                "end": { "line": 22, "column": 9 }
            },
            "4": {
                "start": { "line": 12, "column": 12 },
                "end": { "line": 16, "column": 14 }
            },
            "5": {
                "start": { "line": 18, "column": 12 },
                "end": { "line": 21, "column": 14 }
            },
            "6": {
                "start": { "line": 24, "column": 8 },
                "end": { "line": 24, "column": 19 }
            },
            "7": {
                "start": { "line": 28, "column": 8 },
                "end": { "line": 28, "column": 21 }
            },
            "8": {
                "start": { "line": 30, "column": 8 },
                "end": { "line": 30, "column": 34 }
            },
            "9": {
                "start": { "line": 32, "column": 8 },
                "end": { "line": 32, "column": 37 }
            },
            "10": {
                "start": { "line": 36, "column": 0 },
                "end": { "line": 48, "column": 2 }
            },
            "11": {
                "start": { "line": 38, "column": 8 },
                "end": { "line": 38, "column": 24 }
            },
            "12": {
                "start": { "line": 42, "column": 8 },
                "end": { "line": 42, "column": 21 }
            },
            "13": {
                "start": { "line": 44, "column": 8 },
                "end": { "line": 44, "column": 43 }
            },
            "14": {
                "start": { "line": 46, "column": 8 },
                "end": { "line": 46, "column": 37 }
            }
        },
        "fnMap": {
            "0": {
                "name": "(anonymous_0)",
                "decl": {
                    "start": { "line": 8, "column": 4 },
                    "end": { "line": 8, "column": 5 }
                },
                "loc": {
                    "start": { "line": 8, "column": 24 },
                    "end": { "line": 25, "column": 5 }
                },
                "line": 8
            },
            "1": {
                "name": "(anonymous_1)",
                "decl": {
                    "start": { "line": 27, "column": 4 },
                    "end": { "line": 27, "column": 5 }
                },
                "loc": {
                    "start": { "line": 27, "column": 26 },
                    "end": { "line": 33, "column": 5 }
                },
                "line": 27
            },
            "2": {
                "name": "(anonymous_2)",
                "decl": {
                    "start": { "line": 37, "column": 4 },
                    "end": { "line": 37, "column": 5 }
                },
                "loc": {
                    "start": { "line": 37, "column": 24 },
                    "end": { "line": 39, "column": 5 }
                },
                "line": 37
            },
            "3": {
                "name": "(anonymous_3)",
                "decl": {
                    "start": { "line": 41, "column": 4 },
                    "end": { "line": 41, "column": 5 }
                },
                "loc": {
                    "start": { "line": 41, "column": 55 },
                    "end": { "line": 47, "column": 5 }
                },
                "line": 41
            }
        },
        "branchMap": {
            "0": {
                "loc": {
                    "start": { "line": 11, "column": 8 },
                    "end": { "line": 22, "column": 9 }
                },
                "type": "if",
                "locations": [
                    {
                        "start": { "line": 11, "column": 8 },
                        "end": { "line": 22, "column": 9 }
                    },
                    {
                        "start": { "line": 11, "column": 8 },
                        "end": { "line": 22, "column": 9 }
                    }
                ],
                "line": 11
            }
        },
        "s": {
            "0": 4,
            "1": 4,
            "2": 0,
            "3": 0,
            "4": 0,
            "5": 0,
            "6": 0,
            "7": 0,
            "8": 0,
            "9": 0,
            "10": 4,
            "11": 0,
            "12": 0,
            "13": 0,
            "14": 0
        },
        "f": { "0": 0, "1": 0, "2": 0, "3": 0 },
        "b": { "0": [0, 0] },
        "_coverageSchema": "1a1c01bbd47fc00a2c39e90264f33305004495a9",
        "hash": "4e1981e8222656bae0aea4b7bd3c2a4e83c98db7"
    },
    "C:\\CarProject\\FrontEnd\\Car\\api-service\\chat-service\\ChatService.tsx": {
        "path": "C:\\CarProject\\FrontEnd\\Car\\api-service\\chat-service\\ChatService.tsx",
        "statementMap": {
            "0": {
                "start": { "line": 5, "column": 14 },
                "end": { "line": 5, "column": 36 }
            },
            "1": {
                "start": { "line": 7, "column": 20 },
                "end": { "line": 12, "column": 1 }
            },
            "2": {
                "start": { "line": 8, "column": 47 },
                "end": { "line": 8, "column": 79 }
            },
            "3": {
                "start": { "line": 11, "column": 8 },
                "end": { "line": 11, "column": 50 }
            }
        },
        "fnMap": {
            "0": {
                "name": "(anonymous_0)",
                "decl": {
                    "start": { "line": 8, "column": 13 },
                    "end": { "line": 8, "column": 14 }
                },
                "loc": {
                    "start": { "line": 8, "column": 47 },
                    "end": { "line": 8, "column": 79 }
                },
                "line": 8
            },
            "1": {
                "name": "(anonymous_1)",
                "decl": {
                    "start": { "line": 10, "column": 20 },
                    "end": { "line": 10, "column": 21 }
                },
                "loc": {
                    "start": { "line": 11, "column": 8 },
                    "end": { "line": 11, "column": 50 }
                },
                "line": 11
            }
        },
        "branchMap": {},
        "s": { "0": 1, "1": 1, "2": 1, "3": 0 },
        "f": { "0": 1, "1": 0 },
        "b": {},
        "_coverageSchema": "1a1c01bbd47fc00a2c39e90264f33305004495a9",
        "hash": "48952b0bcebec1f6db61cc38e373c1054d335ba0"
    },
    "C:\\CarProject\\FrontEnd\\Car\\api-service\\login-service\\LoginService.tsx": {
        "path": "C:\\CarProject\\FrontEnd\\Car\\api-service\\login-service\\LoginService.tsx",
        "statementMap": {
            "0": {
                "start": { "line": 5, "column": 14 },
                "end": { "line": 5, "column": 38 }
            },
            "1": {
                "start": { "line": 7, "column": 21 },
                "end": { "line": 9, "column": 1 }
            },
            "2": {
                "start": { "line": 8, "column": 37 },
                "end": { "line": 8, "column": 71 }
            }
        },
        "fnMap": {
            "0": {
                "name": "(anonymous_0)",
                "decl": {
                    "start": { "line": 8, "column": 15 },
                    "end": { "line": 8, "column": 16 }
                },
                "loc": {
                    "start": { "line": 8, "column": 37 },
                    "end": { "line": 8, "column": 71 }
                },
                "line": 8
            }
        },
        "branchMap": {},
        "s": { "0": 1, "1": 1, "2": 1 },
        "f": { "0": 1 },
        "b": {},
        "_coverageSchema": "1a1c01bbd47fc00a2c39e90264f33305004495a9",
        "hash": "d6dc3dd07672f234a9f9eb66e5d3ebf4081e58c4"
    },
    "C:\\CarProject\\FrontEnd\\Car\\api-service\\preferences-service\\PreferencesService.tsx": {
        "path": "C:\\CarProject\\FrontEnd\\Car\\api-service\\preferences-service\\PreferencesService.tsx",
        "statementMap": {
            "0": {
                "start": { "line": 5, "column": 14 },
                "end": { "line": 5, "column": 43 }
            },
            "1": {
                "start": { "line": 7, "column": 27 },
                "end": { "line": 13, "column": 1 }
            },
            "2": {
                "start": { "line": 9, "column": 8 },
                "end": { "line": 9, "column": 51 }
            },
            "3": {
                "start": { "line": 12, "column": 8 },
                "end": { "line": 12, "column": 59 }
            }
        },
        "fnMap": {
            "0": {
                "name": "(anonymous_0)",
                "decl": {
                    "start": { "line": 8, "column": 24 },
                    "end": { "line": 8, "column": 25 }
                },
                "loc": {
                    "start": { "line": 9, "column": 8 },
                    "end": { "line": 9, "column": 51 }
                },
                "line": 9
            },
            "1": {
                "name": "(anonymous_1)",
                "decl": {
                    "start": { "line": 11, "column": 27 },
                    "end": { "line": 11, "column": 28 }
                },
                "loc": {
                    "start": { "line": 12, "column": 8 },
                    "end": { "line": 12, "column": 59 }
                },
                "line": 12
            }
        },
        "branchMap": {},
        "s": { "0": 1, "1": 1, "2": 1, "3": 1 },
        "f": { "0": 1, "1": 1 },
        "b": {},
        "_coverageSchema": "1a1c01bbd47fc00a2c39e90264f33305004495a9",
        "hash": "20edfb086078b6dedefecdb2c90af77273262db2"
    },
    "C:\\CarProject\\FrontEnd\\Car\\api-service\\user-service\\UserService.tsx": {
        "path": "C:\\CarProject\\FrontEnd\\Car\\api-service\\user-service\\UserService.tsx",
        "statementMap": {
            "0": {
                "start": { "line": 5, "column": 14 },
                "end": { "line": 5, "column": 36 }
            },
            "1": {
                "start": { "line": 7, "column": 20 },
                "end": { "line": 15, "column": 1 }
            },
            "2": {
                "start": { "line": 8, "column": 35 },
                "end": { "line": 8, "column": 67 }
            },
            "3": {
                "start": { "line": 11, "column": 8 },
                "end": { "line": 11, "column": 54 }
            },
            "4": {
                "start": { "line": 14, "column": 8 },
                "end": { "line": 14, "column": 56 }
            }
        },
        "fnMap": {
            "0": {
                "name": "(anonymous_0)",
                "decl": {
                    "start": { "line": 8, "column": 13 },
                    "end": { "line": 8, "column": 14 }
                },
                "loc": {
                    "start": { "line": 8, "column": 35 },
                    "end": { "line": 8, "column": 67 }
                },
                "line": 8
            },
            "1": {
                "name": "(anonymous_1)",
                "decl": {
                    "start": { "line": 10, "column": 15 },
                    "end": { "line": 10, "column": 16 }
                },
                "loc": {
                    "start": { "line": 11, "column": 8 },
                    "end": { "line": 11, "column": 54 }
                },
                "line": 11
            },
            "2": {
                "name": "(anonymous_2)",
                "decl": {
                    "start": { "line": 13, "column": 15 },
                    "end": { "line": 13, "column": 16 }
                },
                "loc": {
                    "start": { "line": 14, "column": 8 },
                    "end": { "line": 14, "column": 56 }
                },
                "line": 14
            }
        },
        "branchMap": {},
        "s": { "0": 1, "1": 1, "2": 2, "3": 0, "4": 0 },
        "f": { "0": 2, "1": 0, "2": 0 },
        "b": {},
        "_coverageSchema": "1a1c01bbd47fc00a2c39e90264f33305004495a9",
        "hash": "3e7eae7d6999935309a2f796834fcd6c2de8f833"
    },
    "C:\\CarProject\\FrontEnd\\Car\\src\\components\\auth\\AuthConfig.tsx": {
        "path": "C:\\CarProject\\FrontEnd\\Car\\src\\components\\auth\\AuthConfig.tsx",
        "statementMap": {
            "0": {
                "start": { "line": 3, "column": 38 },
                "end": { "line": 21, "column": 1 }
            }
        },
        "fnMap": {},
        "branchMap": {},
        "s": { "0": 4 },
        "f": {},
        "b": {},
        "_coverageSchema": "1a1c01bbd47fc00a2c39e90264f33305004495a9",
        "hash": "edf41c149c038c334320d660c3cb15ab0c0b47a4"
    },
    "C:\\CarProject\\FrontEnd\\Car\\src\\components\\auth\\AuthManager.tsx": {
        "path": "C:\\CarProject\\FrontEnd\\Car\\src\\components\\auth\\AuthManager.tsx",
        "statementMap": {
            "0": {
                "start": { "line": 5, "column": 20 },
                "end": { "line": 47, "column": 1 }
            },
            "1": {
                "start": { "line": 7, "column": 23 },
                "end": { "line": 7, "column": 50 }
            },
            "2": {
                "start": { "line": 9, "column": 8 },
                "end": { "line": 9, "column": 62 }
            },
            "3": {
                "start": { "line": 10, "column": 8 },
                "end": { "line": 10, "column": 56 }
            },
            "4": {
                "start": { "line": 11, "column": 8 },
                "end": { "line": 11, "column": 66 }
            },
            "5": {
                "start": { "line": 12, "column": 8 },
                "end": { "line": 12, "column": 77 }
            },
            "6": {
                "start": { "line": 16, "column": 8 },
                "end": { "line": 16, "column": 45 }
            },
            "7": {
                "start": { "line": 17, "column": 8 },
                "end": { "line": 17, "column": 48 }
            },
            "8": {
                "start": { "line": 18, "column": 8 },
                "end": { "line": 18, "column": 46 }
            },
            "9": {
                "start": { "line": 19, "column": 8 },
                "end": { "line": 19, "column": 43 }
            },
            "10": {
                "start": { "line": 20, "column": 8 },
                "end": { "line": 20, "column": 40 }
            },
            "11": {
                "start": { "line": 21, "column": 8 },
                "end": { "line": 21, "column": 44 }
            },
            "12": {
                "start": { "line": 25, "column": 8 },
                "end": { "line": 25, "column": 47 }
            },
            "13": {
                "start": { "line": 29, "column": 8 },
                "end": { "line": 29, "column": 49 }
            },
            "14": {
                "start": { "line": 33, "column": 8 },
                "end": { "line": 33, "column": 48 }
            },
            "15": {
                "start": { "line": 37, "column": 8 },
                "end": { "line": 37, "column": 48 }
            },
            "16": {
                "start": { "line": 41, "column": 8 },
                "end": { "line": 41, "column": 44 }
            },
            "17": {
                "start": { "line": 45, "column": 8 },
                "end": { "line": 45, "column": 43 }
            }
        },
        "fnMap": {
            "0": {
                "name": "(anonymous_0)",
                "decl": {
                    "start": { "line": 6, "column": 17 },
                    "end": { "line": 6, "column": 18 }
                },
                "loc": {
                    "start": { "line": 6, "column": 29 },
                    "end": { "line": 13, "column": 5 }
                },
                "line": 6
            },
            "1": {
                "name": "(anonymous_1)",
                "decl": {
                    "start": { "line": 15, "column": 18 },
                    "end": { "line": 15, "column": 19 }
                },
                "loc": {
                    "start": { "line": 15, "column": 30 },
                    "end": { "line": 22, "column": 5 }
                },
                "line": 15
            },
            "2": {
                "name": "(anonymous_2)",
                "decl": {
                    "start": { "line": 24, "column": 16 },
                    "end": { "line": 24, "column": 17 }
                },
                "loc": {
                    "start": { "line": 24, "column": 28 },
                    "end": { "line": 26, "column": 5 }
                },
                "line": 24
            },
            "3": {
                "name": "(anonymous_3)",
                "decl": {
                    "start": { "line": 28, "column": 25 },
                    "end": { "line": 28, "column": 26 }
                },
                "loc": {
                    "start": { "line": 28, "column": 37 },
                    "end": { "line": 30, "column": 5 }
                },
                "line": 28
            },
            "4": {
                "name": "(anonymous_4)",
                "decl": {
                    "start": { "line": 32, "column": 18 },
                    "end": { "line": 32, "column": 19 }
                },
                "loc": {
                    "start": { "line": 32, "column": 43 },
                    "end": { "line": 34, "column": 5 }
                },
                "line": 32
            },
            "5": {
                "name": "(anonymous_5)",
                "decl": {
                    "start": { "line": 36, "column": 17 },
                    "end": { "line": 36, "column": 18 }
                },
                "loc": {
                    "start": { "line": 36, "column": 29 },
                    "end": { "line": 38, "column": 5 }
                },
                "line": 36
            },
            "6": {
                "name": "(anonymous_6)",
                "decl": {
                    "start": { "line": 40, "column": 13 },
                    "end": { "line": 40, "column": 14 }
                },
                "loc": {
                    "start": { "line": 40, "column": 25 },
                    "end": { "line": 42, "column": 5 }
                },
                "line": 40
            },
            "7": {
                "name": "(anonymous_7)",
                "decl": {
                    "start": { "line": 44, "column": 13 },
                    "end": { "line": 44, "column": 14 }
                },
                "loc": {
                    "start": { "line": 44, "column": 34 },
                    "end": { "line": 46, "column": 5 }
                },
                "line": 44
            }
        },
        "branchMap": {},
        "s": {
            "0": 4,
            "1": 0,
            "2": 0,
            "3": 0,
            "4": 0,
            "5": 0,
            "6": 0,
            "7": 0,
            "8": 0,
            "9": 0,
            "10": 0,
            "11": 0,
            "12": 0,
            "13": 0,
            "14": 0,
            "15": 0,
            "16": 0,
            "17": 0
        },
        "f": { "0": 0, "1": 0, "2": 0, "3": 0, "4": 0, "5": 0, "6": 0, "7": 0 },
        "b": {},
        "_coverageSchema": "1a1c01bbd47fc00a2c39e90264f33305004495a9",
        "hash": "7f671192be139f6adf659758048f5bafe3d95888"
    },
    "C:\\CarProject\\FrontEnd\\Car\\src\\components\\error-alert\\ErrorAlert.tsx": {
        "path": "C:\\CarProject\\FrontEnd\\Car\\src\\components\\error-alert\\ErrorAlert.tsx",
        "statementMap": {
            "0": {
                "start": { "line": 5, "column": 21 },
                "end": { "line": 5, "column": 26 }
            },
            "1": {
                "start": { "line": 7, "column": 19 },
                "end": { "line": 35, "column": 1 }
            },
            "2": {
                "start": { "line": 8, "column": 4 },
                "end": { "line": 34, "column": 5 }
            },
            "3": {
                "start": { "line": 9, "column": 8 },
                "end": { "line": 9, "column": 30 }
            },
            "4": {
                "start": { "line": 11, "column": 26 },
                "end": { "line": 11, "column": 45 }
            },
            "5": {
                "start": { "line": 13, "column": 8 },
                "end": { "line": 33, "column": 11 }
            },
            "6": {
                "start": { "line": 27, "column": 16 },
                "end": { "line": 29, "column": 17 }
            },
            "7": {
                "start": { "line": 28, "column": 20 },
                "end": { "line": 28, "column": 27 }
            },
            "8": {
                "start": { "line": 30, "column": 16 },
                "end": { "line": 30, "column": 39 }
            },
            "9": {
                "start": { "line": 31, "column": 16 },
                "end": { "line": 31, "column": 29 }
            }
        },
        "fnMap": {
            "0": {
                "name": "(anonymous_0)",
                "decl": {
                    "start": { "line": 7, "column": 19 },
                    "end": { "line": 7, "column": 20 }
                },
                "loc": {
                    "start": { "line": 7, "column": 53 },
                    "end": { "line": 35, "column": 1 }
                },
                "line": 7
            },
            "1": {
                "name": "(anonymous_1)",
                "decl": {
                    "start": { "line": 26, "column": 22 },
                    "end": { "line": 26, "column": 23 }
                },
                "loc": {
                    "start": { "line": 26, "column": 28 },
                    "end": { "line": 32, "column": 13 }
                },
                "line": 26
            }
        },
        "branchMap": {
            "0": {
                "loc": {
                    "start": { "line": 8, "column": 4 },
                    "end": { "line": 34, "column": 5 }
                },
                "type": "if",
                "locations": [
                    {
                        "start": { "line": 8, "column": 4 },
                        "end": { "line": 34, "column": 5 }
                    },
                    {
                        "start": { "line": 8, "column": 4 },
                        "end": { "line": 34, "column": 5 }
                    }
                ],
                "line": 8
            },
            "1": {
                "loc": {
                    "start": { "line": 27, "column": 16 },
                    "end": { "line": 29, "column": 17 }
                },
                "type": "if",
                "locations": [
                    {
                        "start": { "line": 27, "column": 16 },
                        "end": { "line": 29, "column": 17 }
                    },
                    {
                        "start": { "line": 27, "column": 16 },
                        "end": { "line": 29, "column": 17 }
                    }
                ],
                "line": 27
            }
        },
        "s": {
            "0": 4,
            "1": 4,
            "2": 0,
            "3": 0,
            "4": 0,
            "5": 0,
            "6": 0,
            "7": 0,
            "8": 0,
            "9": 0
        },
        "f": { "0": 0, "1": 0 },
        "b": { "0": [0, 0], "1": [0, 0] },
        "_coverageSchema": "1a1c01bbd47fc00a2c39e90264f33305004495a9",
        "hash": "a2600a740fa03fca836f851c995cc621915827b2"
    },
    "C:\\CarProject\\FrontEnd\\Car\\src\\components\\error-alert\\ErrorAlertStyle.tsx": {
        "path": "C:\\CarProject\\FrontEnd\\Car\\src\\components\\error-alert\\ErrorAlertStyle.tsx",
        "statementMap": {
            "0": {
                "start": { "line": 3, "column": 24 },
                "end": { "line": 10, "column": 2 }
            }
        },
        "fnMap": {},
        "branchMap": {},
        "s": { "0": 4 },
        "f": {},
        "b": {},
        "_coverageSchema": "1a1c01bbd47fc00a2c39e90264f33305004495a9",
        "hash": "4d231bed7ecb5ef7fdef2fac5f22805bbd77f2a2"
    }
}
