{"C:\\STUDY\\SoftCar\\Working Front\\Car-Front-End\\SoftServeCarMobile\\environment.tsx": {"path":"C:\\STUDY\\SoftCar\\Working Front\\Car-Front-End\\SoftServeCarMobile\\environment.tsx","statementMap":{"0":{"start":{"line":1,"column":27},"end":{"line":3,"column":1}},"1":{"start":{"line":4,"column":22},"end":{"line":9,"column":1}}},"fnMap":{},"branchMap":{},"s":{"0":5,"1":5},"f":{},"b":{},"_coverageSchema":"1a1c01bbd47fc00a2c39e90264f33305004495a9","hash":"eda9d397db4ed0e09f0ed6a287c50c02734f9104"}
,"C:\\STUDY\\SoftCar\\Working Front\\Car-Front-End\\SoftServeCarMobile\\api-service\\APIService.tsx": {"path":"C:\\STUDY\\SoftCar\\Working Front\\Car-Front-End\\SoftServeCarMobile\\api-service\\APIService.tsx","statementMap":{"0":{"start":{"line":8,"column":22},"end":{"line":8,"column":35}},"1":{"start":{"line":9,"column":18},"end":{"line":15,"column":5}},"2":{"start":{"line":18,"column":8},"end":{"line":18,"column":101}},"3":{"start":{"line":22,"column":8},"end":{"line":22,"column":107}},"4":{"start":{"line":26,"column":8},"end":{"line":26,"column":106}},"5":{"start":{"line":30,"column":8},"end":{"line":30,"column":104}}},"fnMap":{"0":{"name":"(anonymous_0)","decl":{"start":{"line":17,"column":4},"end":{"line":17,"column":5}},"loc":{"start":{"line":17,"column":38},"end":{"line":19,"column":5}},"line":17},"1":{"name":"(anonymous_1)","decl":{"start":{"line":21,"column":4},"end":{"line":21,"column":5}},"loc":{"start":{"line":21,"column":39},"end":{"line":23,"column":5}},"line":21},"2":{"name":"(anonymous_2)","decl":{"start":{"line":25,"column":4},"end":{"line":25,"column":5}},"loc":{"start":{"line":25,"column":38},"end":{"line":27,"column":5}},"line":25},"3":{"name":"(anonymous_3)","decl":{"start":{"line":29,"column":4},"end":{"line":29,"column":5}},"loc":{"start":{"line":29,"column":41},"end":{"line":31,"column":5}},"line":29}},"branchMap":{},"s":{"0":5,"1":5,"2":0,"3":0,"4":0,"5":0},"f":{"0":0,"1":0,"2":0,"3":0},"b":{},"_coverageSchema":"1a1c01bbd47fc00a2c39e90264f33305004495a9","hash":"10a0862140f43c445d342a8bc240e5d9a6d90b33"}
,"C:\\STUDY\\SoftCar\\Working Front\\Car-Front-End\\SoftServeCarMobile\\api-service\\Interceptor.tsx": {"path":"C:\\STUDY\\SoftCar\\Working Front\\Car-Front-End\\SoftServeCarMobile\\api-service\\Interceptor.tsx","statementMap":{"0":{"start":{"line":7,"column":27},"end":{"line":7,"column":41}},"1":{"start":{"line":9,"column":0},"end":{"line":30,"column":6}},"2":{"start":{"line":11,"column":22},"end":{"line":11,"column":53}},"3":{"start":{"line":12,"column":8},"end":{"line":24,"column":9}},"4":{"start":{"line":13,"column":12},"end":{"line":17,"column":14}},"5":{"start":{"line":20,"column":12},"end":{"line":23,"column":14}},"6":{"start":{"line":25,"column":8},"end":{"line":25,"column":19}},"7":{"start":{"line":29,"column":8},"end":{"line":29,"column":37}},"8":{"start":{"line":31,"column":4},"end":{"line":42,"column":2}},"9":{"start":{"line":32,"column":41},"end":{"line":32,"column":57}},"10":{"start":{"line":34,"column":29},"end":{"line":34,"column":44}},"11":{"start":{"line":35,"column":8},"end":{"line":38,"column":9}},"12":{"start":{"line":37,"column":12},"end":{"line":37,"column":46}},"13":{"start":{"line":39,"column":8},"end":{"line":39,"column":73}},"14":{"start":{"line":40,"column":8},"end":{"line":40,"column":37}}},"fnMap":{"0":{"name":"(anonymous_0)","decl":{"start":{"line":10,"column":4},"end":{"line":10,"column":5}},"loc":{"start":{"line":10,"column":108},"end":{"line":26,"column":5}},"line":10},"1":{"name":"(anonymous_1)","decl":{"start":{"line":27,"column":4},"end":{"line":27,"column":5}},"loc":{"start":{"line":27,"column":20},"end":{"line":30,"column":5}},"line":27},"2":{"name":"(anonymous_2)","decl":{"start":{"line":32,"column":4},"end":{"line":32,"column":5}},"loc":{"start":{"line":32,"column":39},"end":{"line":32,"column":59}},"line":32},"3":{"name":"(anonymous_3)","decl":{"start":{"line":33,"column":4},"end":{"line":33,"column":5}},"loc":{"start":{"line":33,"column":57},"end":{"line":41,"column":5}},"line":33}},"branchMap":{"0":{"loc":{"start":{"line":12,"column":8},"end":{"line":24,"column":9}},"type":"if","locations":[{"start":{"line":12,"column":8},"end":{"line":24,"column":9}},{"start":{"line":12,"column":8},"end":{"line":24,"column":9}}],"line":12},"1":{"loc":{"start":{"line":35,"column":8},"end":{"line":38,"column":9}},"type":"if","locations":[{"start":{"line":35,"column":8},"end":{"line":38,"column":9}},{"start":{"line":35,"column":8},"end":{"line":38,"column":9}}],"line":35}},"s":{"0":4,"1":4,"2":0,"3":0,"4":0,"5":0,"6":0,"7":0,"8":4,"9":0,"10":0,"11":0,"12":0,"13":0,"14":0},"f":{"0":0,"1":0,"2":0,"3":0},"b":{"0":[0,0],"1":[0,0]},"_coverageSchema":"1a1c01bbd47fc00a2c39e90264f33305004495a9","hash":"a219a6280ef5013be3af950584781ae39f5ad35e"}
,"C:\\STUDY\\SoftCar\\Working Front\\Car-Front-End\\SoftServeCarMobile\\api-service\\chat-service\\ChatService.tsx": {"path":"C:\\STUDY\\SoftCar\\Working Front\\Car-Front-End\\SoftServeCarMobile\\api-service\\chat-service\\ChatService.tsx","statementMap":{"0":{"start":{"line":11,"column":26},"end":{"line":11,"column":38}},"1":{"start":{"line":14,"column":8},"end":{"line":14,"column":68}}},"fnMap":{"0":{"name":"(anonymous_0)","decl":{"start":{"line":9,"column":4},"end":{"line":9,"column":5}},"loc":{"start":{"line":9,"column":47},"end":{"line":9,"column":50}},"line":9},"1":{"name":"(anonymous_1)","decl":{"start":{"line":13,"column":4},"end":{"line":13,"column":5}},"loc":{"start":{"line":13,"column":28},"end":{"line":15,"column":5}},"line":13}},"branchMap":{},"s":{"0":1,"1":0},"f":{"0":1,"1":0},"b":{},"_coverageSchema":"1a1c01bbd47fc00a2c39e90264f33305004495a9","hash":"b37a1f687ee97d7cdaefed3557fd249f06f69203"}
,"C:\\STUDY\\SoftCar\\Working Front\\Car-Front-End\\SoftServeCarMobile\\api-service\\login-service\\LoginService.tsx": {"path":"C:\\STUDY\\SoftCar\\Working Front\\Car-Front-End\\SoftServeCarMobile\\api-service\\login-service\\LoginService.tsx","statementMap":{"0":{"start":{"line":9,"column":26},"end":{"line":9,"column":33}},"1":{"start":{"line":12,"column":8},"end":{"line":12,"column":82}}},"fnMap":{"0":{"name":"(anonymous_0)","decl":{"start":{"line":8,"column":4},"end":{"line":8,"column":5}},"loc":{"start":{"line":8,"column":48},"end":{"line":8,"column":51}},"line":8},"1":{"name":"(anonymous_1)","decl":{"start":{"line":11,"column":4},"end":{"line":11,"column":5}},"loc":{"start":{"line":11,"column":32},"end":{"line":13,"column":5}},"line":11}},"branchMap":{},"s":{"0":2,"1":1},"f":{"0":2,"1":1},"b":{},"_coverageSchema":"1a1c01bbd47fc00a2c39e90264f33305004495a9","hash":"863fcb2c5ba562412a0f46b1fca657f99208c947"}
,"C:\\STUDY\\SoftCar\\Working Front\\Car-Front-End\\SoftServeCarMobile\\api-service\\preferences-service\\PreferencesService.tsx": {"path":"C:\\STUDY\\SoftCar\\Working Front\\Car-Front-End\\SoftServeCarMobile\\api-service\\preferences-service\\PreferencesService.tsx","statementMap":{"0":{"start":{"line":10,"column":26},"end":{"line":10,"column":43}},"1":{"start":{"line":13,"column":8},"end":{"line":13,"column":84}},"2":{"start":{"line":17,"column":8},"end":{"line":17,"column":93}}},"fnMap":{"0":{"name":"(anonymous_0)","decl":{"start":{"line":9,"column":4},"end":{"line":9,"column":5}},"loc":{"start":{"line":9,"column":48},"end":{"line":9,"column":51}},"line":9},"1":{"name":"(anonymous_1)","decl":{"start":{"line":12,"column":4},"end":{"line":12,"column":5}},"loc":{"start":{"line":12,"column":39},"end":{"line":14,"column":5}},"line":12},"2":{"name":"(anonymous_2)","decl":{"start":{"line":16,"column":4},"end":{"line":16,"column":5}},"loc":{"start":{"line":16,"column":56},"end":{"line":18,"column":5}},"line":16}},"branchMap":{},"s":{"0":1,"1":1,"2":1},"f":{"0":1,"1":1,"2":1},"b":{},"_coverageSchema":"1a1c01bbd47fc00a2c39e90264f33305004495a9","hash":"db69571fe7b849f0410e02372cf7d2ae5475c0e0"}
,"C:\\STUDY\\SoftCar\\Working Front\\Car-Front-End\\SoftServeCarMobile\\api-service\\user-service\\UserService.tsx": {"path":"C:\\STUDY\\SoftCar\\Working Front\\Car-Front-End\\SoftServeCarMobile\\api-service\\user-service\\UserService.tsx","statementMap":{"0":{"start":{"line":10,"column":26},"end":{"line":10,"column":32}},"1":{"start":{"line":13,"column":8},"end":{"line":13,"column":85}},"2":{"start":{"line":17,"column":8},"end":{"line":17,"column":88}},"3":{"start":{"line":21,"column":8},"end":{"line":21,"column":66}},"4":{"start":{"line":25,"column":8},"end":{"line":25,"column":65}},"5":{"start":{"line":29,"column":8},"end":{"line":29,"column":67}}},"fnMap":{"0":{"name":"(anonymous_0)","decl":{"start":{"line":8,"column":4},"end":{"line":8,"column":5}},"loc":{"start":{"line":8,"column":48},"end":{"line":8,"column":51}},"line":8},"1":{"name":"(anonymous_1)","decl":{"start":{"line":12,"column":4},"end":{"line":12,"column":5}},"loc":{"start":{"line":12,"column":28},"end":{"line":14,"column":5}},"line":12},"2":{"name":"(anonymous_2)","decl":{"start":{"line":16,"column":4},"end":{"line":16,"column":5}},"loc":{"start":{"line":16,"column":30},"end":{"line":18,"column":5}},"line":16},"3":{"name":"(anonymous_3)","decl":{"start":{"line":20,"column":4},"end":{"line":20,"column":5}},"loc":{"start":{"line":20,"column":23},"end":{"line":22,"column":5}},"line":20},"4":{"name":"(anonymous_4)","decl":{"start":{"line":24,"column":4},"end":{"line":24,"column":5}},"loc":{"start":{"line":24,"column":23},"end":{"line":26,"column":5}},"line":24},"5":{"name":"(anonymous_5)","decl":{"start":{"line":28,"column":4},"end":{"line":28,"column":5}},"loc":{"start":{"line":28,"column":23},"end":{"line":30,"column":5}},"line":28}},"branchMap":{},"s":{"0":1,"1":2,"2":0,"3":1,"4":0,"5":0},"f":{"0":1,"1":2,"2":0,"3":1,"4":0,"5":0},"b":{},"_coverageSchema":"1a1c01bbd47fc00a2c39e90264f33305004495a9","hash":"5b4a8a840702c4772e380e2b4b1bf661e564e276"}
,"C:\\STUDY\\SoftCar\\Working Front\\Car-Front-End\\SoftServeCarMobile\\src\\activity\\auth\\AuthManager.ts": {"path":"C:\\STUDY\\SoftCar\\Working Front\\Car-Front-End\\SoftServeCarMobile\\src\\activity\\auth\\AuthManager.ts","statementMap":{"0":{"start":{"line":5,"column":19},"end":{"line":15,"column":1}},"1":{"start":{"line":17,"column":34},"end":{"line":26,"column":1}},"2":{"start":{"line":29,"column":23},"end":{"line":35,"column":3}},"3":{"start":{"line":30,"column":19},"end":{"line":30,"column":42}},"4":{"start":{"line":31,"column":4},"end":{"line":31,"column":64}},"5":{"start":{"line":32,"column":4},"end":{"line":32,"column":58}},"6":{"start":{"line":33,"column":4},"end":{"line":33,"column":68}},"7":{"start":{"line":34,"column":4},"end":{"line":34,"column":79}},"8":{"start":{"line":37,"column":24},"end":{"line":44,"column":3}},"9":{"start":{"line":38,"column":4},"end":{"line":38,"column":47}},"10":{"start":{"line":39,"column":4},"end":{"line":39,"column":50}},"11":{"start":{"line":40,"column":4},"end":{"line":40,"column":48}},"12":{"start":{"line":41,"column":4},"end":{"line":41,"column":45}},"13":{"start":{"line":42,"column":4},"end":{"line":42,"column":42}},"14":{"start":{"line":43,"column":4},"end":{"line":43,"column":46}},"15":{"start":{"line":46,"column":20},"end":{"line":48,"column":3}},"16":{"start":{"line":47,"column":4},"end":{"line":47,"column":49}},"17":{"start":{"line":50,"column":31},"end":{"line":52,"column":3}},"18":{"start":{"line":51,"column":4},"end":{"line":51,"column":51}},"19":{"start":{"line":54,"column":22},"end":{"line":56,"column":3}},"20":{"start":{"line":55,"column":4},"end":{"line":55,"column":50}},"21":{"start":{"line":57,"column":21},"end":{"line":59,"column":3}},"22":{"start":{"line":58,"column":4},"end":{"line":58,"column":50}},"23":{"start":{"line":61,"column":19},"end":{"line":63,"column":3}},"24":{"start":{"line":62,"column":4},"end":{"line":62,"column":46}},"25":{"start":{"line":65,"column":19},"end":{"line":67,"column":3}},"26":{"start":{"line":66,"column":4},"end":{"line":66,"column":45}}},"fnMap":{"0":{"name":"(anonymous_0)","decl":{"start":{"line":29,"column":23},"end":{"line":29,"column":24}},"loc":{"start":{"line":29,"column":35},"end":{"line":35,"column":3}},"line":29},"1":{"name":"(anonymous_1)","decl":{"start":{"line":37,"column":24},"end":{"line":37,"column":25}},"loc":{"start":{"line":37,"column":36},"end":{"line":44,"column":3}},"line":37},"2":{"name":"(anonymous_2)","decl":{"start":{"line":46,"column":20},"end":{"line":46,"column":21}},"loc":{"start":{"line":46,"column":29},"end":{"line":48,"column":3}},"line":46},"3":{"name":"(anonymous_3)","decl":{"start":{"line":50,"column":31},"end":{"line":50,"column":32}},"loc":{"start":{"line":50,"column":42},"end":{"line":52,"column":3}},"line":50},"4":{"name":"(anonymous_4)","decl":{"start":{"line":54,"column":22},"end":{"line":54,"column":23}},"loc":{"start":{"line":54,"column":43},"end":{"line":56,"column":3}},"line":54},"5":{"name":"(anonymous_5)","decl":{"start":{"line":57,"column":21},"end":{"line":57,"column":22}},"loc":{"start":{"line":57,"column":30},"end":{"line":59,"column":3}},"line":57},"6":{"name":"(anonymous_6)","decl":{"start":{"line":61,"column":19},"end":{"line":61,"column":20}},"loc":{"start":{"line":61,"column":30},"end":{"line":63,"column":3}},"line":61},"7":{"name":"(anonymous_7)","decl":{"start":{"line":65,"column":19},"end":{"line":65,"column":20}},"loc":{"start":{"line":65,"column":40},"end":{"line":67,"column":3}},"line":65}},"branchMap":{"0":{"loc":{"start":{"line":19,"column":15},"end":{"line":19,"column":104}},"type":"cond-expr","locations":[{"start":{"line":19,"column":39},"end":{"line":19,"column":66}},{"start":{"line":19,"column":69},"end":{"line":19,"column":104}}],"line":19}},"s":{"0":4,"1":4,"2":4,"3":0,"4":0,"5":0,"6":0,"7":0,"8":4,"9":0,"10":0,"11":0,"12":0,"13":0,"14":0,"15":4,"16":0,"17":4,"18":0,"19":4,"20":0,"21":4,"22":0,"23":4,"24":0,"25":4,"26":0},"f":{"0":0,"1":0,"2":0,"3":0,"4":0,"5":0,"6":0,"7":0},"b":{"0":[4,0]},"_coverageSchema":"1a1c01bbd47fc00a2c39e90264f33305004495a9","hash":"45eece1dc69886e7d948ce869bd7918c805438e4"}
,"C:\\STUDY\\SoftCar\\Working Front\\Car-Front-End\\SoftServeCarMobile\\src\\activity\\auth\\AuthProvider.tsx": {"path":"C:\\STUDY\\SoftCar\\Working Front\\Car-Front-End\\SoftServeCarMobile\\src\\activity\\auth\\AuthProvider.tsx","statementMap":{"0":{"start":{"line":13,"column":21},"end":{"line":13,"column":52}},"1":{"start":{"line":16,"column":4},"end":{"line":24,"column":6}},"2":{"start":{"line":29,"column":57},"end":{"line":85,"column":1}},"3":{"start":{"line":30,"column":28},"end":{"line":30,"column":48}},"4":{"start":{"line":32,"column":4},"end":{"line":84,"column":6}},"5":{"start":{"line":37,"column":20},"end":{"line":37,"column":52}},"6":{"start":{"line":38,"column":38},"end":{"line":38,"column":77}},"7":{"start":{"line":39,"column":20},"end":{"line":66,"column":21}},"8":{"start":{"line":40,"column":42},"end":{"line":40,"column":75}},"9":{"start":{"line":41,"column":24},"end":{"line":44,"column":25}},"10":{"start":{"line":42,"column":28},"end":{"line":42,"column":85}},"11":{"start":{"line":43,"column":28},"end":{"line":43,"column":35}},"12":{"start":{"line":45,"column":47},"end":{"line":55,"column":25}},"13":{"start":{"line":56,"column":39},"end":{"line":56,"column":77}},"14":{"start":{"line":57,"column":24},"end":{"line":60,"column":25}},"15":{"start":{"line":58,"column":28},"end":{"line":58,"column":85}},"16":{"start":{"line":59,"column":28},"end":{"line":59,"column":35}},"17":{"start":{"line":61,"column":43},"end":{"line":61,"column":61}},"18":{"start":{"line":62,"column":24},"end":{"line":62,"column":56}},"19":{"start":{"line":63,"column":24},"end":{"line":63,"column":82}},"20":{"start":{"line":64,"column":24},"end":{"line":64,"column":45}},"21":{"start":{"line":65,"column":24},"end":{"line":65,"column":63}},"22":{"start":{"line":69,"column":20},"end":{"line":69,"column":53}},"23":{"start":{"line":70,"column":20},"end":{"line":70,"column":34}},"24":{"start":{"line":73,"column":38},"end":{"line":73,"column":72}},"25":{"start":{"line":74,"column":20},"end":{"line":78,"column":21}},"26":{"start":{"line":75,"column":24},"end":{"line":75,"column":55}},"27":{"start":{"line":77,"column":24},"end":{"line":77,"column":38}}},"fnMap":{"0":{"name":"(anonymous_0)","decl":{"start":{"line":18,"column":17},"end":{"line":18,"column":18}},"loc":{"start":{"line":18,"column":23},"end":{"line":19,"column":9}},"line":18},"1":{"name":"(anonymous_1)","decl":{"start":{"line":20,"column":18},"end":{"line":20,"column":19}},"loc":{"start":{"line":20,"column":24},"end":{"line":21,"column":9}},"line":20},"2":{"name":"(anonymous_2)","decl":{"start":{"line":22,"column":27},"end":{"line":22,"column":28}},"loc":{"start":{"line":22,"column":33},"end":{"line":23,"column":9}},"line":22},"3":{"name":"(anonymous_3)","decl":{"start":{"line":29,"column":57},"end":{"line":29,"column":58}},"loc":{"start":{"line":29,"column":73},"end":{"line":85,"column":1}},"line":29},"4":{"name":"(anonymous_4)","decl":{"start":{"line":36,"column":23},"end":{"line":36,"column":24}},"loc":{"start":{"line":36,"column":35},"end":{"line":67,"column":17}},"line":36},"5":{"name":"(anonymous_5)","decl":{"start":{"line":68,"column":24},"end":{"line":68,"column":25}},"loc":{"start":{"line":68,"column":36},"end":{"line":71,"column":17}},"line":68},"6":{"name":"(anonymous_6)","decl":{"start":{"line":72,"column":33},"end":{"line":72,"column":34}},"loc":{"start":{"line":72,"column":45},"end":{"line":79,"column":17}},"line":72}},"branchMap":{"0":{"loc":{"start":{"line":39,"column":20},"end":{"line":66,"column":21}},"type":"if","locations":[{"start":{"line":39,"column":20},"end":{"line":66,"column":21}},{"start":{"line":39,"column":20},"end":{"line":66,"column":21}}],"line":39},"1":{"loc":{"start":{"line":41,"column":24},"end":{"line":44,"column":25}},"type":"if","locations":[{"start":{"line":41,"column":24},"end":{"line":44,"column":25}},{"start":{"line":41,"column":24},"end":{"line":44,"column":25}}],"line":41},"2":{"loc":{"start":{"line":46,"column":35},"end":{"line":46,"column":82}},"type":"binary-expr","locations":[{"start":{"line":46,"column":35},"end":{"line":46,"column":50}},{"start":{"line":46,"column":54},"end":{"line":46,"column":82}}],"line":46},"3":{"loc":{"start":{"line":57,"column":24},"end":{"line":60,"column":25}},"type":"if","locations":[{"start":{"line":57,"column":24},"end":{"line":60,"column":25}},{"start":{"line":57,"column":24},"end":{"line":60,"column":25}}],"line":57},"4":{"loc":{"start":{"line":74,"column":20},"end":{"line":78,"column":21}},"type":"if","locations":[{"start":{"line":74,"column":20},"end":{"line":78,"column":21}},{"start":{"line":74,"column":20},"end":{"line":78,"column":21}}],"line":74}},"s":{"0":1,"1":1,"2":1,"3":0,"4":0,"5":0,"6":0,"7":0,"8":0,"9":0,"10":0,"11":0,"12":0,"13":0,"14":0,"15":0,"16":0,"17":0,"18":0,"19":0,"20":0,"21":0,"22":0,"23":0,"24":0,"25":0,"26":0,"27":0},"f":{"0":0,"1":0,"2":0,"3":0,"4":0,"5":0,"6":0},"b":{"0":[0,0],"1":[0,0],"2":[0,0],"3":[0,0],"4":[0,0]},"_coverageSchema":"1a1c01bbd47fc00a2c39e90264f33305004495a9","hash":"4c5392378b4e5bb22568477443f3204c827d8333"}
,"C:\\STUDY\\SoftCar\\Working Front\\Car-Front-End\\SoftServeCarMobile\\src\\activity\\auth\\GraphAuthProvider.ts": {"path":"C:\\STUDY\\SoftCar\\Working Front\\Car-Front-End\\SoftServeCarMobile\\src\\activity\\auth\\GraphAuthProvider.ts","statementMap":{"0":{"start":{"line":3,"column":0},"end":{"line":3,"column":28}},"1":{"start":{"line":6,"column":21},"end":{"line":9,"column":5}},"2":{"start":{"line":7,"column":20},"end":{"line":7,"column":59}},"3":{"start":{"line":8,"column":6},"end":{"line":8,"column":25}},"4":{"start":{"line":12,"column":24},"end":{"line":14,"column":3}},"5":{"start":{"line":16,"column":22},"end":{"line":16,"column":62}},"6":{"start":{"line":19,"column":26},"end":{"line":25,"column":5}},"7":{"start":{"line":21,"column":6},"end":{"line":24,"column":15}}},"fnMap":{"0":{"name":"(anonymous_0)","decl":{"start":{"line":6,"column":21},"end":{"line":6,"column":22}},"loc":{"start":{"line":6,"column":32},"end":{"line":9,"column":5}},"line":6},"1":{"name":"(anonymous_1)","decl":{"start":{"line":19,"column":26},"end":{"line":19,"column":27}},"loc":{"start":{"line":19,"column":37},"end":{"line":25,"column":5}},"line":19}},"branchMap":{"0":{"loc":{"start":{"line":8,"column":13},"end":{"line":8,"column":24}},"type":"binary-expr","locations":[{"start":{"line":8,"column":13},"end":{"line":8,"column":18}},{"start":{"line":8,"column":22},"end":{"line":8,"column":24}}],"line":8}},"s":{"0":1,"1":1,"2":0,"3":0,"4":1,"5":1,"6":1,"7":0},"f":{"0":0,"1":0},"b":{"0":[0,0]},"_coverageSchema":"1a1c01bbd47fc00a2c39e90264f33305004495a9","hash":"c08b5b35eaadcea0178f29273b0ae585fd7d9580"}
,"C:\\STUDY\\SoftCar\\Working Front\\Car-Front-End\\SoftServeCarMobile\\src\\activity\\chat\\Chat.tsx": {"path":"C:\\STUDY\\SoftCar\\Working Front\\Car-Front-End\\SoftServeCarMobile\\src\\activity\\chat\\Chat.tsx","statementMap":{"0":{"start":{"line":24,"column":8},"end":{"line":24,"column":21}},"1":{"start":{"line":26,"column":8},"end":{"line":31,"column":9}},"2":{"start":{"line":36,"column":30},"end":{"line":36,"column":96}},"3":{"start":{"line":37,"column":8},"end":{"line":43,"column":11}},"4":{"start":{"line":38,"column":12},"end":{"line":38,"column":79}},"5":{"start":{"line":38,"column":56},"end":{"line":38,"column":77}},"6":{"start":{"line":40,"column":12},"end":{"line":42,"column":14}},"7":{"start":{"line":41,"column":16},"end":{"line":41,"column":87}},"8":{"start":{"line":46,"column":15},"end":{"line":50,"column":5}},"9":{"start":{"line":47,"column":8},"end":{"line":47,"column":108}},"10":{"start":{"line":47,"column":90},"end":{"line":47,"column":106}},"11":{"start":{"line":48,"column":8},"end":{"line":48,"column":39}},"12":{"start":{"line":53,"column":8},"end":{"line":77,"column":10}},"13":{"start":{"line":59,"column":32},"end":{"line":61,"column":34}},"14":{"start":{"line":69,"column":32},"end":{"line":69,"column":67}},"15":{"start":{"line":87,"column":15},"end":{"line":120,"column":2}}},"fnMap":{"0":{"name":"(anonymous_0)","decl":{"start":{"line":23,"column":4},"end":{"line":23,"column":5}},"loc":{"start":{"line":23,"column":34},"end":{"line":33,"column":5}},"line":23},"1":{"name":"(anonymous_1)","decl":{"start":{"line":35,"column":4},"end":{"line":35,"column":5}},"loc":{"start":{"line":35,"column":24},"end":{"line":44,"column":5}},"line":35},"2":{"name":"(anonymous_2)","decl":{"start":{"line":37,"column":41},"end":{"line":37,"column":42}},"loc":{"start":{"line":37,"column":47},"end":{"line":43,"column":9}},"line":37},"3":{"name":"(anonymous_3)","decl":{"start":{"line":38,"column":50},"end":{"line":38,"column":51}},"loc":{"start":{"line":38,"column":56},"end":{"line":38,"column":77}},"line":38},"4":{"name":"(anonymous_4)","decl":{"start":{"line":40,"column":47},"end":{"line":40,"column":48}},"loc":{"start":{"line":40,"column":68},"end":{"line":42,"column":13}},"line":40},"5":{"name":"(anonymous_5)","decl":{"start":{"line":46,"column":15},"end":{"line":46,"column":16}},"loc":{"start":{"line":46,"column":21},"end":{"line":50,"column":5}},"line":46},"6":{"name":"(anonymous_6)","decl":{"start":{"line":47,"column":81},"end":{"line":47,"column":82}},"loc":{"start":{"line":47,"column":90},"end":{"line":47,"column":106}},"line":47},"7":{"name":"(anonymous_7)","decl":{"start":{"line":52,"column":4},"end":{"line":52,"column":5}},"loc":{"start":{"line":52,"column":13},"end":{"line":78,"column":5}},"line":52},"8":{"name":"(anonymous_8)","decl":{"start":{"line":58,"column":53},"end":{"line":58,"column":54}},"loc":{"start":{"line":58,"column":89},"end":{"line":62,"column":29}},"line":58},"9":{"name":"(anonymous_9)","decl":{"start":{"line":68,"column":42},"end":{"line":68,"column":43}},"loc":{"start":{"line":68,"column":55},"end":{"line":70,"column":29}},"line":68}},"branchMap":{},"s":{"0":1,"1":1,"2":1,"3":1,"4":1,"5":0,"6":1,"7":0,"8":1,"9":0,"10":0,"11":0,"12":2,"13":0,"14":0,"15":1},"f":{"0":1,"1":1,"2":1,"3":0,"4":0,"5":0,"6":0,"7":2,"8":0,"9":0},"b":{},"_coverageSchema":"1a1c01bbd47fc00a2c39e90264f33305004495a9","hash":"20edaf2b9d5f20db050ece91002d460281ab7932"}
,"C:\\STUDY\\SoftCar\\Working Front\\Car-Front-End\\SoftServeCarMobile\\src\\activity\\chat\\MessagesList.tsx": {"path":"C:\\STUDY\\SoftCar\\Working Front\\Car-Front-End\\SoftServeCarMobile\\src\\activity\\chat\\MessagesList.tsx","statementMap":{"0":{"start":{"line":10,"column":22},"end":{"line":72,"column":1}},"1":{"start":{"line":11,"column":24},"end":{"line":11,"column":54}},"2":{"start":{"line":12,"column":28},"end":{"line":12,"column":40}},"3":{"start":{"line":13,"column":36},"end":{"line":13,"column":50}},"4":{"start":{"line":14,"column":21},"end":{"line":14,"column":44}},"5":{"start":{"line":16,"column":4},"end":{"line":24,"column":11}},"6":{"start":{"line":17,"column":8},"end":{"line":23,"column":14}},"7":{"start":{"line":19,"column":30},"end":{"line":19,"column":38}},"8":{"start":{"line":20,"column":16},"end":{"line":20,"column":35}},"9":{"start":{"line":21,"column":16},"end":{"line":21,"column":31}},"10":{"start":{"line":22,"column":16},"end":{"line":22,"column":34}},"11":{"start":{"line":26,"column":4},"end":{"line":32,"column":5}},"12":{"start":{"line":27,"column":8},"end":{"line":31,"column":10}},"13":{"start":{"line":34,"column":28},"end":{"line":43,"column":5}},"14":{"start":{"line":35,"column":8},"end":{"line":42,"column":10}},"15":{"start":{"line":45,"column":4},"end":{"line":71,"column":6}},"16":{"start":{"line":49,"column":49},"end":{"line":49,"column":62}},"17":{"start":{"line":52,"column":20},"end":{"line":67,"column":27}},"18":{"start":{"line":53,"column":57},"end":{"line":53,"column":90}},"19":{"start":{"line":62,"column":93},"end":{"line":62,"column":126}},"20":{"start":{"line":76,"column":22},"end":{"line":108,"column":2}}},"fnMap":{"0":{"name":"(anonymous_0)","decl":{"start":{"line":10,"column":22},"end":{"line":10,"column":23}},"loc":{"start":{"line":10,"column":33},"end":{"line":72,"column":1}},"line":10},"1":{"name":"(anonymous_1)","decl":{"start":{"line":16,"column":14},"end":{"line":16,"column":15}},"loc":{"start":{"line":16,"column":20},"end":{"line":24,"column":5}},"line":16},"2":{"name":"(anonymous_2)","decl":{"start":{"line":18,"column":18},"end":{"line":18,"column":19}},"loc":{"start":{"line":18,"column":25},"end":{"line":23,"column":13}},"line":18},"3":{"name":"(anonymous_3)","decl":{"start":{"line":34,"column":28},"end":{"line":34,"column":29}},"loc":{"start":{"line":34,"column":34},"end":{"line":43,"column":5}},"line":34},"4":{"name":"(anonymous_4)","decl":{"start":{"line":49,"column":30},"end":{"line":49,"column":31}},"loc":{"start":{"line":49,"column":49},"end":{"line":49,"column":62}},"line":49},"5":{"name":"(anonymous_5)","decl":{"start":{"line":51,"column":28},"end":{"line":51,"column":29}},"loc":{"start":{"line":52,"column":20},"end":{"line":67,"column":27}},"line":52},"6":{"name":"(anonymous_6)","decl":{"start":{"line":53,"column":51},"end":{"line":53,"column":52}},"loc":{"start":{"line":53,"column":57},"end":{"line":53,"column":90}},"line":53},"7":{"name":"(anonymous_7)","decl":{"start":{"line":62,"column":87},"end":{"line":62,"column":88}},"loc":{"start":{"line":62,"column":93},"end":{"line":62,"column":126}},"line":62}},"branchMap":{"0":{"loc":{"start":{"line":26,"column":4},"end":{"line":32,"column":5}},"type":"if","locations":[{"start":{"line":26,"column":4},"end":{"line":32,"column":5}},{"start":{"line":26,"column":4},"end":{"line":32,"column":5}}],"line":26}},"s":{"0":1,"1":1,"2":1,"3":1,"4":1,"5":1,"6":0,"7":0,"8":0,"9":0,"10":0,"11":1,"12":1,"13":0,"14":0,"15":0,"16":0,"17":0,"18":0,"19":0,"20":1},"f":{"0":1,"1":0,"2":0,"3":0,"4":0,"5":0,"6":0,"7":0},"b":{"0":[1,0]},"_coverageSchema":"1a1c01bbd47fc00a2c39e90264f33305004495a9","hash":"9f716577042a05dc1f1f15aca5b5b65b6bcb38bb"}
,"C:\\STUDY\\SoftCar\\Working Front\\Car-Front-End\\SoftServeCarMobile\\src\\components\\navigation\\RootNavigation.tsx": {"path":"C:\\STUDY\\SoftCar\\Working Front\\Car-Front-End\\SoftServeCarMobile\\src\\components\\navigation\\RootNavigation.tsx","statementMap":{"0":{"start":{"line":3,"column":29},"end":{"line":3,"column":51}},"1":{"start":{"line":6,"column":2},"end":{"line":6,"column":48}}},"fnMap":{"0":{"name":"navigate","decl":{"start":{"line":5,"column":16},"end":{"line":5,"column":24}},"loc":{"start":{"line":5,"column":52},"end":{"line":7,"column":1}},"line":5}},"branchMap":{},"s":{"0":4,"1":0},"f":{"0":0},"b":{},"_coverageSchema":"1a1c01bbd47fc00a2c39e90264f33305004495a9","hash":"f92c89c24caaa5d24d05af9be27359d17a6f67d5"}
}
