{"C:\\Users\\User\\source\\test1\\temp2\\Car-Front-End\\SoftServeCarMobile\\src\\Rectangle.js": {"path":"C:\\Users\\User\\source\\test1\\temp2\\Car-Front-End\\SoftServeCarMobile\\src\\Rectangle.js","statementMap":{"0":{"start":{"line":3,"column":8},"end":{"line":3,"column":27}},"1":{"start":{"line":4,"column":8},"end":{"line":4,"column":29}},"2":{"start":{"line":7,"column":8},"end":{"line":7,"column":46}},"3":{"start":{"line":10,"column":8},"end":{"line":10,"column":40}},"4":{"start":{"line":13,"column":0},"end":{"line":13,"column":27}}},"fnMap":{"0":{"name":"(anonymous_0)","decl":{"start":{"line":2,"column":4},"end":{"line":2,"column":5}},"loc":{"start":{"line":2,"column":30},"end":{"line":5,"column":5}},"line":2},"1":{"name":"(anonymous_1)","decl":{"start":{"line":6,"column":4},"end":{"line":6,"column":5}},"loc":{"start":{"line":6,"column":12},"end":{"line":8,"column":5}},"line":6},"2":{"name":"(anonymous_2)","decl":{"start":{"line":9,"column":4},"end":{"line":9,"column":5}},"loc":{"start":{"line":9,"column":11},"end":{"line":11,"column":5}},"line":9}},"branchMap":{},"s":{"0":2,"1":2,"2":1,"3":1,"4":1},"f":{"0":2,"1":1,"2":1},"b":{},"_coverageSchema":"1a1c01bbd47fc00a2c39e90264f33305004495a9","hash":"9e2861e81e8d29f76e70c3e016b17c8d3823587c"}
,"C:\\Users\\User\\source\\test1\\temp2\\Car-Front-End\\SoftServeCarMobile\\src\\activity\\MyProfile\\MyProfileActivity\\Preferences\\ChooseOptionComponent.tsx": {"path":"C:\\Users\\User\\source\\test1\\temp2\\Car-Front-End\\SoftServeCarMobile\\src\\activity\\MyProfile\\MyProfileActivity\\Preferences\\ChooseOptionComponent.tsx","statementMap":{"0":{"start":{"line":5,"column":30},"end":{"line":14,"column":1}},"1":{"start":{"line":6,"column":4},"end":{"line":13,"column":5}},"2":{"start":{"line":10,"column":44},"end":{"line":10,"column":71}}},"fnMap":{"0":{"name":"(anonymous_0)","decl":{"start":{"line":5,"column":30},"end":{"line":5,"column":31}},"loc":{"start":{"line":5,"column":45},"end":{"line":14,"column":1}},"line":5},"1":{"name":"(anonymous_1)","decl":{"start":{"line":10,"column":33},"end":{"line":10,"column":34}},"loc":{"start":{"line":10,"column":44},"end":{"line":10,"column":71}},"line":10}},"branchMap":{},"s":{"0":2,"1":0,"2":0},"f":{"0":0,"1":0},"b":{},"_coverageSchema":"1a1c01bbd47fc00a2c39e90264f33305004495a9","hash":"bc929ceb2769a872c0fbe79a0ef3eac502cae034"}
,"C:\\Users\\User\\source\\test1\\temp2\\Car-Front-End\\SoftServeCarMobile\\src\\activity\\MyProfile\\MyProfileActivity\\Preferences\\Preferences.tsx": {"path":"C:\\Users\\User\\source\\test1\\temp2\\Car-Front-End\\SoftServeCarMobile\\src\\activity\\MyProfile\\MyProfileActivity\\Preferences\\Preferences.tsx","statementMap":{"0":{"start":{"line":11,"column":50},"end":{"line":13,"column":6}},"1":{"start":{"line":12,"column":8},"end":{"line":12,"column":21}},"2":{"start":{"line":15,"column":48},"end":{"line":17,"column":6}},"3":{"start":{"line":16,"column":8},"end":{"line":16,"column":21}},"4":{"start":{"line":18,"column":36},"end":{"line":20,"column":6}},"5":{"start":{"line":19,"column":8},"end":{"line":19,"column":18}},"6":{"start":{"line":22,"column":21},"end":{"line":22,"column":44}},"7":{"start":{"line":24,"column":50},"end":{"line":24,"column":81}},"8":{"start":{"line":26,"column":31},"end":{"line":26,"column":66}},"9":{"start":{"line":28,"column":29},"end":{"line":37,"column":5}},"10":{"start":{"line":29,"column":45},"end":{"line":35,"column":9}},"11":{"start":{"line":36,"column":8},"end":{"line":36,"column":62}},"12":{"start":{"line":39,"column":4},"end":{"line":48,"column":11}},"13":{"start":{"line":40,"column":8},"end":{"line":47,"column":36}},"14":{"start":{"line":42,"column":12},"end":{"line":42,"column":55}},"15":{"start":{"line":43,"column":12},"end":{"line":43,"column":53}},"16":{"start":{"line":44,"column":12},"end":{"line":44,"column":43}},"17":{"start":{"line":45,"column":12},"end":{"line":45,"column":41}},"18":{"start":{"line":47,"column":20},"end":{"line":47,"column":34}},"19":{"start":{"line":50,"column":4},"end":{"line":55,"column":27}},"20":{"start":{"line":51,"column":8},"end":{"line":51,"column":64}},"21":{"start":{"line":52,"column":8},"end":{"line":54,"column":9}},"22":{"start":{"line":53,"column":12},"end":{"line":53,"column":69}},"23":{"start":{"line":57,"column":4},"end":{"line":82,"column":5}},"24":{"start":{"line":62,"column":49},"end":{"line":62,"column":73}},"25":{"start":{"line":67,"column":49},"end":{"line":67,"column":72}},"26":{"start":{"line":77,"column":42},"end":{"line":77,"column":59}}},"fnMap":{"0":{"name":"Preferences","decl":{"start":{"line":9,"column":24},"end":{"line":9,"column":35}},"loc":{"start":{"line":9,"column":46},"end":{"line":83,"column":1}},"line":9},"1":{"name":"(anonymous_1)","decl":{"start":{"line":11,"column":59},"end":{"line":11,"column":60}},"loc":{"start":{"line":11,"column":65},"end":{"line":13,"column":5}},"line":11},"2":{"name":"(anonymous_2)","decl":{"start":{"line":15,"column":57},"end":{"line":15,"column":58}},"loc":{"start":{"line":15,"column":63},"end":{"line":17,"column":5}},"line":15},"3":{"name":"(anonymous_3)","decl":{"start":{"line":18,"column":45},"end":{"line":18,"column":46}},"loc":{"start":{"line":18,"column":51},"end":{"line":20,"column":5}},"line":18},"4":{"name":"(anonymous_4)","decl":{"start":{"line":28,"column":29},"end":{"line":28,"column":30}},"loc":{"start":{"line":28,"column":35},"end":{"line":37,"column":5}},"line":28},"5":{"name":"(anonymous_5)","decl":{"start":{"line":39,"column":14},"end":{"line":39,"column":15}},"loc":{"start":{"line":39,"column":20},"end":{"line":48,"column":5}},"line":39},"6":{"name":"(anonymous_6)","decl":{"start":{"line":41,"column":14},"end":{"line":41,"column":15}},"loc":{"start":{"line":41,"column":21},"end":{"line":46,"column":9}},"line":41},"7":{"name":"(anonymous_7)","decl":{"start":{"line":47,"column":15},"end":{"line":47,"column":16}},"loc":{"start":{"line":47,"column":20},"end":{"line":47,"column":34}},"line":47},"8":{"name":"(anonymous_8)","decl":{"start":{"line":50,"column":14},"end":{"line":50,"column":15}},"loc":{"start":{"line":50,"column":20},"end":{"line":55,"column":5}},"line":50},"9":{"name":"(anonymous_9)","decl":{"start":{"line":52,"column":15},"end":{"line":52,"column":16}},"loc":{"start":{"line":52,"column":21},"end":{"line":54,"column":9}},"line":52},"10":{"name":"(anonymous_10)","decl":{"start":{"line":62,"column":34},"end":{"line":62,"column":35}},"loc":{"start":{"line":62,"column":49},"end":{"line":62,"column":73}},"line":62},"11":{"name":"(anonymous_11)","decl":{"start":{"line":67,"column":34},"end":{"line":67,"column":35}},"loc":{"start":{"line":67,"column":49},"end":{"line":67,"column":72}},"line":67},"12":{"name":"(anonymous_12)","decl":{"start":{"line":77,"column":34},"end":{"line":77,"column":35}},"loc":{"start":{"line":77,"column":42},"end":{"line":77,"column":59}},"line":77}},"branchMap":{},"s":{"0":0,"1":0,"2":0,"3":0,"4":0,"5":0,"6":0,"7":0,"8":0,"9":0,"10":0,"11":0,"12":0,"13":0,"14":0,"15":0,"16":0,"17":0,"18":0,"19":0,"20":0,"21":0,"22":0,"23":0,"24":0,"25":0,"26":0},"f":{"0":0,"1":0,"2":0,"3":0,"4":0,"5":0,"6":0,"7":0,"8":0,"9":0,"10":0,"11":0,"12":0},"b":{},"_coverageSchema":"1a1c01bbd47fc00a2c39e90264f33305004495a9","hash":"426bdc9203117d9abc404f6bfc8a50189dcc80b8"}
,"C:\\Users\\User\\source\\test1\\temp2\\Car-Front-End\\SoftServeCarMobile\\src\\activity\\MyProfile\\MyProfileActivity\\Preferences\\PreferencesStyle.tsx": {"path":"C:\\Users\\User\\source\\test1\\temp2\\Car-Front-End\\SoftServeCarMobile\\src\\activity\\MyProfile\\MyProfileActivity\\Preferences\\PreferencesStyle.tsx","statementMap":{"0":{"start":{"line":3,"column":32},"end":{"line":56,"column":2}}},"fnMap":{},"branchMap":{},"s":{"0":2},"f":{},"b":{},"_coverageSchema":"1a1c01bbd47fc00a2c39e90264f33305004495a9","hash":"1d0174ccae76ba83103b8a172089a988e461722a"}
,"C:\\Users\\User\\source\\test1\\temp2\\Car-Front-End\\SoftServeCarMobile\\src\\activity\\login\\Login.tsx": {"path":"C:\\Users\\User\\source\\test1\\temp2\\Car-Front-End\\SoftServeCarMobile\\src\\activity\\login\\Login.tsx","statementMap":{"0":{"start":{"line":9,"column":22},"end":{"line":9,"column":45}},"1":{"start":{"line":10,"column":34},"end":{"line":10,"column":49}},"2":{"start":{"line":11,"column":48},"end":{"line":11,"column":63}},"3":{"start":{"line":14,"column":4},"end":{"line":18,"column":6}},"4":{"start":{"line":15,"column":8},"end":{"line":17,"column":9}},"5":{"start":{"line":16,"column":12},"end":{"line":16,"column":34}},"6":{"start":{"line":21,"column":8},"end":{"line":21,"column":33}},"7":{"start":{"line":22,"column":8},"end":{"line":22,"column":26}},"8":{"start":{"line":26,"column":4},"end":{"line":31,"column":5}},"9":{"start":{"line":27,"column":8},"end":{"line":27,"column":96}},"10":{"start":{"line":30,"column":8},"end":{"line":30,"column":22}},"11":{"start":{"line":33,"column":4},"end":{"line":46,"column":5}},"12":{"start":{"line":41,"column":17},"end":{"line":41,"column":25}},"13":{"start":{"line":42,"column":16},"end":{"line":42,"column":37}}},"fnMap":{"0":{"name":"Login","decl":{"start":{"line":8,"column":16},"end":{"line":8,"column":21}},"loc":{"start":{"line":8,"column":33},"end":{"line":47,"column":1}},"line":8},"1":{"name":"(anonymous_1)","decl":{"start":{"line":14,"column":14},"end":{"line":14,"column":15}},"loc":{"start":{"line":14,"column":20},"end":{"line":18,"column":5}},"line":14},"2":{"name":"loadingProcess","decl":{"start":{"line":20,"column":13},"end":{"line":20,"column":27}},"loc":{"start":{"line":20,"column":46},"end":{"line":23,"column":5}},"line":20},"3":{"name":"(anonymous_3)","decl":{"start":{"line":40,"column":21},"end":{"line":40,"column":22}},"loc":{"start":{"line":40,"column":25},"end":{"line":43,"column":13}},"line":40}},"branchMap":{"0":{"loc":{"start":{"line":15,"column":8},"end":{"line":17,"column":9}},"type":"if","locations":[{"start":{"line":15,"column":8},"end":{"line":17,"column":9}},{"start":{"line":15,"column":8},"end":{"line":17,"column":9}}],"line":15},"1":{"loc":{"start":{"line":15,"column":11},"end":{"line":15,"column":67}},"type":"binary-expr","locations":[{"start":{"line":15,"column":11},"end":{"line":15,"column":29}},{"start":{"line":15,"column":33},"end":{"line":15,"column":67}}],"line":15},"2":{"loc":{"start":{"line":26,"column":4},"end":{"line":31,"column":5}},"type":"if","locations":[{"start":{"line":26,"column":4},"end":{"line":31,"column":5}},{"start":{"line":26,"column":4},"end":{"line":31,"column":5}}],"line":26}},"s":{"0":0,"1":0,"2":0,"3":0,"4":0,"5":0,"6":0,"7":0,"8":0,"9":0,"10":0,"11":0,"12":0,"13":0},"f":{"0":0,"1":0,"2":0,"3":0},"b":{"0":[0,0],"1":[0,0],"2":[0,0]},"_coverageSchema":"1a1c01bbd47fc00a2c39e90264f33305004495a9","hash":"317f390c6b68611de5b42a8857db6aad3bd0a4ff"}
,"C:\\Users\\User\\source\\test1\\temp2\\Car-Front-End\\SoftServeCarMobile\\src\\activity\\login\\LoginStyles.tsx": {"path":"C:\\Users\\User\\source\\test1\\temp2\\Car-Front-End\\SoftServeCarMobile\\src\\activity\\login\\LoginStyles.tsx","statementMap":{"0":{"start":{"line":3,"column":19},"end":{"line":33,"column":2}}},"fnMap":{},"branchMap":{},"s":{"0":1},"f":{},"b":{},"_coverageSchema":"1a1c01bbd47fc00a2c39e90264f33305004495a9","hash":"d1c1a8282a069a98b9f23627a88794d52a02533d"}
,"C:\\Users\\User\\source\\test1\\temp2\\Car-Front-End\\SoftServeCarMobile\\src\\components\\auth\\AuthManager.ts": {"path":"C:\\Users\\User\\source\\test1\\temp2\\Car-Front-End\\SoftServeCarMobile\\src\\components\\auth\\AuthManager.ts","statementMap":{"0":{"start":{"line":6,"column":19},"end":{"line":16,"column":1}},"1":{"start":{"line":18,"column":34},"end":{"line":27,"column":1}},"2":{"start":{"line":30,"column":23},"end":{"line":36,"column":3}},"3":{"start":{"line":31,"column":19},"end":{"line":31,"column":42}},"4":{"start":{"line":32,"column":4},"end":{"line":32,"column":64}},"5":{"start":{"line":33,"column":4},"end":{"line":33,"column":58}},"6":{"start":{"line":34,"column":4},"end":{"line":34,"column":68}},"7":{"start":{"line":35,"column":4},"end":{"line":35,"column":79}},"8":{"start":{"line":38,"column":24},"end":{"line":45,"column":3}},"9":{"start":{"line":39,"column":4},"end":{"line":39,"column":47}},"10":{"start":{"line":40,"column":4},"end":{"line":40,"column":50}},"11":{"start":{"line":41,"column":4},"end":{"line":41,"column":48}},"12":{"start":{"line":42,"column":4},"end":{"line":42,"column":45}},"13":{"start":{"line":43,"column":4},"end":{"line":43,"column":42}},"14":{"start":{"line":44,"column":4},"end":{"line":44,"column":46}},"15":{"start":{"line":47,"column":20},"end":{"line":49,"column":3}},"16":{"start":{"line":48,"column":4},"end":{"line":48,"column":49}},"17":{"start":{"line":51,"column":31},"end":{"line":53,"column":3}},"18":{"start":{"line":52,"column":4},"end":{"line":52,"column":51}},"19":{"start":{"line":55,"column":22},"end":{"line":57,"column":3}},"20":{"start":{"line":56,"column":4},"end":{"line":56,"column":50}},"21":{"start":{"line":58,"column":21},"end":{"line":60,"column":3}},"22":{"start":{"line":59,"column":4},"end":{"line":59,"column":50}},"23":{"start":{"line":62,"column":19},"end":{"line":64,"column":3}},"24":{"start":{"line":63,"column":4},"end":{"line":63,"column":46}},"25":{"start":{"line":66,"column":19},"end":{"line":68,"column":3}},"26":{"start":{"line":67,"column":4},"end":{"line":67,"column":45}}},"fnMap":{"0":{"name":"(anonymous_0)","decl":{"start":{"line":30,"column":23},"end":{"line":30,"column":24}},"loc":{"start":{"line":30,"column":35},"end":{"line":36,"column":3}},"line":30},"1":{"name":"(anonymous_1)","decl":{"start":{"line":38,"column":24},"end":{"line":38,"column":25}},"loc":{"start":{"line":38,"column":36},"end":{"line":45,"column":3}},"line":38},"2":{"name":"(anonymous_2)","decl":{"start":{"line":47,"column":20},"end":{"line":47,"column":21}},"loc":{"start":{"line":47,"column":29},"end":{"line":49,"column":3}},"line":47},"3":{"name":"(anonymous_3)","decl":{"start":{"line":51,"column":31},"end":{"line":51,"column":32}},"loc":{"start":{"line":51,"column":42},"end":{"line":53,"column":3}},"line":51},"4":{"name":"(anonymous_4)","decl":{"start":{"line":55,"column":22},"end":{"line":55,"column":23}},"loc":{"start":{"line":55,"column":43},"end":{"line":57,"column":3}},"line":55},"5":{"name":"(anonymous_5)","decl":{"start":{"line":58,"column":21},"end":{"line":58,"column":22}},"loc":{"start":{"line":58,"column":30},"end":{"line":60,"column":3}},"line":58},"6":{"name":"(anonymous_6)","decl":{"start":{"line":62,"column":19},"end":{"line":62,"column":20}},"loc":{"start":{"line":62,"column":30},"end":{"line":64,"column":3}},"line":62},"7":{"name":"(anonymous_7)","decl":{"start":{"line":66,"column":19},"end":{"line":66,"column":20}},"loc":{"start":{"line":66,"column":40},"end":{"line":68,"column":3}},"line":66}},"branchMap":{"0":{"loc":{"start":{"line":20,"column":15},"end":{"line":20,"column":104}},"type":"cond-expr","locations":[{"start":{"line":20,"column":39},"end":{"line":20,"column":66}},{"start":{"line":20,"column":69},"end":{"line":20,"column":104}}],"line":20}},"s":{"0":2,"1":2,"2":2,"3":0,"4":0,"5":0,"6":0,"7":0,"8":2,"9":0,"10":0,"11":0,"12":0,"13":0,"14":0,"15":2,"16":0,"17":2,"18":0,"19":2,"20":0,"21":2,"22":0,"23":2,"24":0,"25":2,"26":0},"f":{"0":0,"1":0,"2":0,"3":0,"4":0,"5":0,"6":0,"7":0},"b":{"0":[2,0]},"_coverageSchema":"1a1c01bbd47fc00a2c39e90264f33305004495a9","hash":"30dc4eed504abaabeaa9e4093bb5fe6927ed524a"}
,"C:\\Users\\User\\source\\test1\\temp2\\Car-Front-End\\SoftServeCarMobile\\src\\components\\auth\\AuthProvider.tsx": {"path":"C:\\Users\\User\\source\\test1\\temp2\\Car-Front-End\\SoftServeCarMobile\\src\\components\\auth\\AuthProvider.tsx","statementMap":{"0":{"start":{"line":10,"column":21},"end":{"line":10,"column":50}},"1":{"start":{"line":12,"column":27},"end":{"line":22,"column":2}},"2":{"start":{"line":26,"column":57},"end":{"line":83,"column":1}},"3":{"start":{"line":27,"column":26},"end":{"line":27,"column":46}},"4":{"start":{"line":29,"column":2},"end":{"line":82,"column":4}},"5":{"start":{"line":34,"column":10},"end":{"line":34,"column":42}},"6":{"start":{"line":35,"column":28},"end":{"line":35,"column":67}},"7":{"start":{"line":36,"column":10},"end":{"line":63,"column":11}},"8":{"start":{"line":38,"column":30},"end":{"line":38,"column":63}},"9":{"start":{"line":39,"column":12},"end":{"line":43,"column":13}},"10":{"start":{"line":41,"column":14},"end":{"line":41,"column":71}},"11":{"start":{"line":42,"column":14},"end":{"line":42,"column":21}},"12":{"start":{"line":44,"column":31},"end":{"line":52,"column":13}},"13":{"start":{"line":53,"column":27},"end":{"line":53,"column":61}},"14":{"start":{"line":54,"column":12},"end":{"line":57,"column":13}},"15":{"start":{"line":55,"column":14},"end":{"line":55,"column":71}},"16":{"start":{"line":56,"column":14},"end":{"line":56,"column":21}},"17":{"start":{"line":58,"column":31},"end":{"line":58,"column":49}},"18":{"start":{"line":59,"column":12},"end":{"line":59,"column":44}},"19":{"start":{"line":60,"column":12},"end":{"line":60,"column":70}},"20":{"start":{"line":61,"column":12},"end":{"line":61,"column":33}},"21":{"start":{"line":62,"column":12},"end":{"line":62,"column":51}},"22":{"start":{"line":66,"column":10},"end":{"line":66,"column":43}},"23":{"start":{"line":67,"column":10},"end":{"line":67,"column":24}},"24":{"start":{"line":70,"column":28},"end":{"line":70,"column":62}},"25":{"start":{"line":71,"column":10},"end":{"line":76,"column":11}},"26":{"start":{"line":72,"column":12},"end":{"line":72,"column":43}},"27":{"start":{"line":75,"column":12},"end":{"line":75,"column":26}}},"fnMap":{"0":{"name":"(anonymous_0)","decl":{"start":{"line":19,"column":9},"end":{"line":19,"column":10}},"loc":{"start":{"line":19,"column":15},"end":{"line":19,"column":17}},"line":19},"1":{"name":"(anonymous_1)","decl":{"start":{"line":20,"column":10},"end":{"line":20,"column":11}},"loc":{"start":{"line":20,"column":16},"end":{"line":20,"column":18}},"line":20},"2":{"name":"(anonymous_2)","decl":{"start":{"line":21,"column":19},"end":{"line":21,"column":20}},"loc":{"start":{"line":21,"column":25},"end":{"line":21,"column":27}},"line":21},"3":{"name":"(anonymous_3)","decl":{"start":{"line":26,"column":57},"end":{"line":26,"column":58}},"loc":{"start":{"line":26,"column":75},"end":{"line":83,"column":1}},"line":26},"4":{"name":"(anonymous_4)","decl":{"start":{"line":33,"column":15},"end":{"line":33,"column":16}},"loc":{"start":{"line":33,"column":26},"end":{"line":64,"column":9}},"line":33},"5":{"name":"(anonymous_5)","decl":{"start":{"line":65,"column":16},"end":{"line":65,"column":17}},"loc":{"start":{"line":65,"column":27},"end":{"line":68,"column":9}},"line":65},"6":{"name":"(anonymous_6)","decl":{"start":{"line":69,"column":25},"end":{"line":69,"column":26}},"loc":{"start":{"line":69,"column":36},"end":{"line":77,"column":9}},"line":69}},"branchMap":{"0":{"loc":{"start":{"line":36,"column":10},"end":{"line":63,"column":11}},"type":"if","locations":[{"start":{"line":36,"column":10},"end":{"line":63,"column":11}},{"start":{"line":36,"column":10},"end":{"line":63,"column":11}}],"line":36},"1":{"loc":{"start":{"line":39,"column":12},"end":{"line":43,"column":13}},"type":"if","locations":[{"start":{"line":39,"column":12},"end":{"line":43,"column":13}},{"start":{"line":39,"column":12},"end":{"line":43,"column":13}}],"line":39},"2":{"loc":{"start":{"line":45,"column":21},"end":{"line":45,"column":68}},"type":"binary-expr","locations":[{"start":{"line":45,"column":21},"end":{"line":45,"column":36}},{"start":{"line":45,"column":40},"end":{"line":45,"column":68}}],"line":45},"3":{"loc":{"start":{"line":54,"column":12},"end":{"line":57,"column":13}},"type":"if","locations":[{"start":{"line":54,"column":12},"end":{"line":57,"column":13}},{"start":{"line":54,"column":12},"end":{"line":57,"column":13}}],"line":54},"4":{"loc":{"start":{"line":71,"column":10},"end":{"line":76,"column":11}},"type":"if","locations":[{"start":{"line":71,"column":10},"end":{"line":76,"column":11}},{"start":{"line":71,"column":10},"end":{"line":76,"column":11}}],"line":71}},"s":{"0":2,"1":2,"2":2,"3":0,"4":0,"5":0,"6":0,"7":0,"8":0,"9":0,"10":0,"11":0,"12":0,"13":0,"14":0,"15":0,"16":0,"17":0,"18":0,"19":0,"20":0,"21":0,"22":0,"23":0,"24":0,"25":0,"26":0,"27":0},"f":{"0":0,"1":0,"2":0,"3":0,"4":0,"5":0,"6":0},"b":{"0":[0,0],"1":[0,0],"2":[0,0],"3":[0,0],"4":[0,0]},"_coverageSchema":"1a1c01bbd47fc00a2c39e90264f33305004495a9","hash":"2c513eaf6355e09ba1509f9f3aef1b3e8f7ed628"}
,"C:\\Users\\User\\source\\test1\\temp2\\Car-Front-End\\SoftServeCarMobile\\src\\components\\auth\\GraphAuthProvider.ts": {"path":"C:\\Users\\User\\source\\test1\\temp2\\Car-Front-End\\SoftServeCarMobile\\src\\components\\auth\\GraphAuthProvider.ts","statementMap":{"0":{"start":{"line":3,"column":0},"end":{"line":3,"column":28}},"1":{"start":{"line":6,"column":21},"end":{"line":9,"column":5}},"2":{"start":{"line":7,"column":20},"end":{"line":7,"column":59}},"3":{"start":{"line":8,"column":6},"end":{"line":8,"column":25}},"4":{"start":{"line":12,"column":24},"end":{"line":14,"column":3}},"5":{"start":{"line":16,"column":22},"end":{"line":16,"column":62}},"6":{"start":{"line":19,"column":26},"end":{"line":25,"column":5}},"7":{"start":{"line":21,"column":6},"end":{"line":24,"column":15}}},"fnMap":{"0":{"name":"(anonymous_0)","decl":{"start":{"line":6,"column":21},"end":{"line":6,"column":22}},"loc":{"start":{"line":6,"column":32},"end":{"line":9,"column":5}},"line":6},"1":{"name":"(anonymous_1)","decl":{"start":{"line":19,"column":26},"end":{"line":19,"column":27}},"loc":{"start":{"line":19,"column":37},"end":{"line":25,"column":5}},"line":19}},"branchMap":{"0":{"loc":{"start":{"line":8,"column":13},"end":{"line":8,"column":24}},"type":"binary-expr","locations":[{"start":{"line":8,"column":13},"end":{"line":8,"column":18}},{"start":{"line":8,"column":22},"end":{"line":8,"column":24}}],"line":8}},"s":{"0":2,"1":2,"2":0,"3":0,"4":2,"5":2,"6":2,"7":0},"f":{"0":0,"1":0},"b":{"0":[0,0]},"_coverageSchema":"1a1c01bbd47fc00a2c39e90264f33305004495a9","hash":"7f34ce6de3a7be230704abdae00c1acfde54b252"}
,"C:\\Users\\User\\source\\test1\\temp2\\Car-Front-End\\SoftServeCarMobile\\src\\components\\navigation\\RootNavigation.tsx": {"path":"C:\\Users\\User\\source\\test1\\temp2\\Car-Front-End\\SoftServeCarMobile\\src\\components\\navigation\\RootNavigation.tsx","statementMap":{"0":{"start":{"line":3,"column":29},"end":{"line":3,"column":51}},"1":{"start":{"line":6,"column":2},"end":{"line":6,"column":48}}},"fnMap":{"0":{"name":"navigate","decl":{"start":{"line":5,"column":16},"end":{"line":5,"column":24}},"loc":{"start":{"line":5,"column":52},"end":{"line":7,"column":1}},"line":5}},"branchMap":{},"s":{"0":2,"1":0},"f":{"0":0},"b":{},"_coverageSchema":"1a1c01bbd47fc00a2c39e90264f33305004495a9","hash":"f389401ed5d58b0a0ff444aca3d2b8226f2e1345"}
,"C:\\Users\\User\\source\\test1\\temp2\\Car-Front-End\\SoftServeCarMobile\\src\\environments\\environment.tsx": {"path":"C:\\Users\\User\\source\\test1\\temp2\\Car-Front-End\\SoftServeCarMobile\\src\\environments\\environment.tsx","statementMap":{"0":{"start":{"line":1,"column":27},"end":{"line":3,"column":1}}},"fnMap":{},"branchMap":{},"s":{"0":2},"f":{},"b":{},"_coverageSchema":"1a1c01bbd47fc00a2c39e90264f33305004495a9","hash":"ec4e9b8dcc1979dd91dab003520c0d95e4a716c3"}
,"C:\\Users\\User\\source\\test1\\temp2\\Car-Front-End\\SoftServeCarMobile\\src\\services\\APIService\\APIService.tsx": {"path":"C:\\Users\\User\\source\\test1\\temp2\\Car-Front-End\\SoftServeCarMobile\\src\\services\\APIService\\APIService.tsx","statementMap":{"0":{"start":{"line":7,"column":22},"end":{"line":7,"column":40}},"1":{"start":{"line":10,"column":8},"end":{"line":10,"column":64}},"2":{"start":{"line":13,"column":8},"end":{"line":13,"column":79}},"3":{"start":{"line":16,"column":8},"end":{"line":16,"column":77}},"4":{"start":{"line":19,"column":8},"end":{"line":19,"column":67}}},"fnMap":{"0":{"name":"(anonymous_0)","decl":{"start":{"line":9,"column":4},"end":{"line":9,"column":5}},"loc":{"start":{"line":9,"column":60},"end":{"line":11,"column":5}},"line":9},"1":{"name":"(anonymous_1)","decl":{"start":{"line":12,"column":4},"end":{"line":12,"column":5}},"loc":{"start":{"line":12,"column":61},"end":{"line":14,"column":5}},"line":12},"2":{"name":"(anonymous_2)","decl":{"start":{"line":15,"column":4},"end":{"line":15,"column":5}},"loc":{"start":{"line":15,"column":60},"end":{"line":17,"column":5}},"line":15},"3":{"name":"(anonymous_3)","decl":{"start":{"line":18,"column":4},"end":{"line":18,"column":5}},"loc":{"start":{"line":18,"column":63},"end":{"line":20,"column":5}},"line":18}},"branchMap":{},"s":{"0":14,"1":0,"2":0,"3":0,"4":0},"f":{"0":0,"1":0,"2":0,"3":0},"b":{},"_coverageSchema":"1a1c01bbd47fc00a2c39e90264f33305004495a9","hash":"95025b5cef0ba98c8e1799c8721b9b6df07e6e97"}
,"C:\\Users\\User\\source\\test1\\temp2\\Car-Front-End\\SoftServeCarMobile\\src\\services\\APIService\\Interceptor.tsx": {"path":"C:\\Users\\User\\source\\test1\\temp2\\Car-Front-End\\SoftServeCarMobile\\src\\services\\APIService\\Interceptor.tsx","statementMap":{"0":{"start":{"line":6,"column":27},"end":{"line":6,"column":41}},"1":{"start":{"line":8,"column":0},"end":{"line":29,"column":6}},"2":{"start":{"line":10,"column":22},"end":{"line":10,"column":53}},"3":{"start":{"line":11,"column":8},"end":{"line":23,"column":9}},"4":{"start":{"line":12,"column":12},"end":{"line":16,"column":14}},"5":{"start":{"line":19,"column":12},"end":{"line":22,"column":14}},"6":{"start":{"line":24,"column":8},"end":{"line":24,"column":19}},"7":{"start":{"line":28,"column":8},"end":{"line":28,"column":37}},"8":{"start":{"line":30,"column":4},"end":{"line":41,"column":2}},"9":{"start":{"line":31,"column":41},"end":{"line":31,"column":57}},"10":{"start":{"line":33,"column":29},"end":{"line":33,"column":44}},"11":{"start":{"line":34,"column":8},"end":{"line":37,"column":9}},"12":{"start":{"line":36,"column":12},"end":{"line":36,"column":46}},"13":{"start":{"line":38,"column":8},"end":{"line":38,"column":73}},"14":{"start":{"line":39,"column":8},"end":{"line":39,"column":37}}},"fnMap":{"0":{"name":"(anonymous_0)","decl":{"start":{"line":9,"column":4},"end":{"line":9,"column":5}},"loc":{"start":{"line":9,"column":25},"end":{"line":25,"column":5}},"line":9},"1":{"name":"(anonymous_1)","decl":{"start":{"line":26,"column":4},"end":{"line":26,"column":5}},"loc":{"start":{"line":26,"column":20},"end":{"line":29,"column":5}},"line":26},"2":{"name":"(anonymous_2)","decl":{"start":{"line":31,"column":4},"end":{"line":31,"column":5}},"loc":{"start":{"line":31,"column":39},"end":{"line":31,"column":59}},"line":31},"3":{"name":"(anonymous_3)","decl":{"start":{"line":32,"column":4},"end":{"line":32,"column":5}},"loc":{"start":{"line":32,"column":57},"end":{"line":40,"column":5}},"line":32}},"branchMap":{"0":{"loc":{"start":{"line":11,"column":8},"end":{"line":23,"column":9}},"type":"if","locations":[{"start":{"line":11,"column":8},"end":{"line":23,"column":9}},{"start":{"line":11,"column":8},"end":{"line":23,"column":9}}],"line":11},"1":{"loc":{"start":{"line":34,"column":8},"end":{"line":37,"column":9}},"type":"if","locations":[{"start":{"line":34,"column":8},"end":{"line":37,"column":9}},{"start":{"line":34,"column":8},"end":{"line":37,"column":9}}],"line":34}},"s":{"0":2,"1":2,"2":0,"3":0,"4":0,"5":0,"6":0,"7":0,"8":2,"9":0,"10":0,"11":0,"12":0,"13":0,"14":0},"f":{"0":0,"1":0,"2":0,"3":0},"b":{"0":[0,0],"1":[0,0]},"_coverageSchema":"1a1c01bbd47fc00a2c39e90264f33305004495a9","hash":"b34cdbb4d5edb5c53c99e5522b71c7ea5805ea26"}
,"C:\\Users\\User\\source\\test1\\temp2\\Car-Front-End\\SoftServeCarMobile\\src\\services\\APIService\\UserService\\UserService.tsx": {"path":"C:\\Users\\User\\source\\test1\\temp2\\Car-Front-End\\SoftServeCarMobile\\src\\services\\APIService\\UserService\\UserService.tsx","statementMap":{"0":{"start":{"line":8,"column":26},"end":{"line":8,"column":32}},"1":{"start":{"line":11,"column":8},"end":{"line":11,"column":93}},"2":{"start":{"line":14,"column":8},"end":{"line":14,"column":83}},"3":{"start":{"line":17,"column":8},"end":{"line":17,"column":83}},"4":{"start":{"line":20,"column":8},"end":{"line":20,"column":82}},"5":{"start":{"line":23,"column":8},"end":{"line":23,"column":84}},"6":{"start":{"line":26,"column":34},"end":{"line":26,"column":86}}},"fnMap":{"0":{"name":"(anonymous_0)","decl":{"start":{"line":7,"column":4},"end":{"line":7,"column":5}},"loc":{"start":{"line":7,"column":48},"end":{"line":7,"column":51}},"line":7},"1":{"name":"(anonymous_1)","decl":{"start":{"line":10,"column":4},"end":{"line":10,"column":5}},"loc":{"start":{"line":10,"column":42},"end":{"line":12,"column":5}},"line":10},"2":{"name":"(anonymous_2)","decl":{"start":{"line":13,"column":4},"end":{"line":13,"column":5}},"loc":{"start":{"line":13,"column":43},"end":{"line":15,"column":5}},"line":13},"3":{"name":"(anonymous_3)","decl":{"start":{"line":16,"column":4},"end":{"line":16,"column":5}},"loc":{"start":{"line":16,"column":27},"end":{"line":18,"column":5}},"line":16},"4":{"name":"(anonymous_4)","decl":{"start":{"line":19,"column":4},"end":{"line":19,"column":5}},"loc":{"start":{"line":19,"column":27},"end":{"line":21,"column":5}},"line":19},"5":{"name":"(anonymous_5)","decl":{"start":{"line":22,"column":4},"end":{"line":22,"column":5}},"loc":{"start":{"line":22,"column":27},"end":{"line":24,"column":5}},"line":22}},"branchMap":{},"s":{"0":4,"1":0,"2":0,"3":0,"4":0,"5":0,"6":2},"f":{"0":4,"1":0,"2":0,"3":0,"4":0,"5":0},"b":{},"_coverageSchema":"1a1c01bbd47fc00a2c39e90264f33305004495a9","hash":"be4681d4f74852dd73f998fc96fb04c0880515aa"}
,"C:\\Users\\User\\source\\test1\\temp2\\Car-Front-End\\SoftServeCarMobile\\src\\services\\APIService\\loginService\\LoginService.tsx": {"path":"C:\\Users\\User\\source\\test1\\temp2\\Car-Front-End\\SoftServeCarMobile\\src\\services\\APIService\\loginService\\LoginService.tsx","statementMap":{"0":{"start":{"line":7,"column":26},"end":{"line":7,"column":33}},"1":{"start":{"line":10,"column":8},"end":{"line":10,"column":89}},"2":{"start":{"line":13,"column":41},"end":{"line":13,"column":94}}},"fnMap":{"0":{"name":"(anonymous_0)","decl":{"start":{"line":6,"column":4},"end":{"line":6,"column":5}},"loc":{"start":{"line":6,"column":48},"end":{"line":6,"column":51}},"line":6},"1":{"name":"(anonymous_1)","decl":{"start":{"line":9,"column":4},"end":{"line":9,"column":5}},"loc":{"start":{"line":9,"column":32},"end":{"line":11,"column":5}},"line":9}},"branchMap":{},"s":{"0":4,"1":0,"2":2},"f":{"0":4,"1":0},"b":{},"_coverageSchema":"1a1c01bbd47fc00a2c39e90264f33305004495a9","hash":"60cc63a7b03ccfb9b5fe4b2b8f9c5ce8f159fd81"}
,"C:\\Users\\User\\source\\test1\\temp2\\Car-Front-End\\SoftServeCarMobile\\src\\services\\APIService\\preferencesServise\\PreferencesService.tsx": {"path":"C:\\Users\\User\\source\\test1\\temp2\\Car-Front-End\\SoftServeCarMobile\\src\\services\\APIService\\preferencesServise\\PreferencesService.tsx","statementMap":{"0":{"start":{"line":7,"column":26},"end":{"line":7,"column":43}},"1":{"start":{"line":10,"column":8},"end":{"line":10,"column":91}},"2":{"start":{"line":14,"column":8},"end":{"line":14,"column":100}},"3":{"start":{"line":17,"column":41},"end":{"line":17,"column":100}}},"fnMap":{"0":{"name":"(anonymous_0)","decl":{"start":{"line":6,"column":4},"end":{"line":6,"column":5}},"loc":{"start":{"line":6,"column":48},"end":{"line":6,"column":51}},"line":6},"1":{"name":"(anonymous_1)","decl":{"start":{"line":9,"column":4},"end":{"line":9,"column":5}},"loc":{"start":{"line":9,"column":39},"end":{"line":11,"column":5}},"line":9},"2":{"name":"(anonymous_2)","decl":{"start":{"line":13,"column":4},"end":{"line":13,"column":5}},"loc":{"start":{"line":13,"column":56},"end":{"line":15,"column":5}},"line":13}},"branchMap":{},"s":{"0":4,"1":0,"2":0,"3":2},"f":{"0":4,"1":0,"2":0},"b":{},"_coverageSchema":"1a1c01bbd47fc00a2c39e90264f33305004495a9","hash":"01948ac89dbf2df2169a5d19dff6e3edc45bf456"}
,"C:\\Users\\User\\source\\test1\\temp2\\Car-Front-End\\SoftServeCarMobile\\src\\store\\reducers.tsx": {"path":"C:\\Users\\User\\source\\test1\\temp2\\Car-Front-End\\SoftServeCarMobile\\src\\store\\reducers.tsx","statementMap":{"0":{"start":{"line":7,"column":24},"end":{"line":12,"column":1}},"1":{"start":{"line":14,"column":19},"end":{"line":16,"column":1}},"2":{"start":{"line":15,"column":4},"end":{"line":15,"column":17}}},"fnMap":{"0":{"name":"(anonymous_0)","decl":{"start":{"line":14,"column":19},"end":{"line":14,"column":20}},"loc":{"start":{"line":14,"column":61},"end":{"line":16,"column":1}},"line":14}},"branchMap":{"0":{"loc":{"start":{"line":14,"column":20},"end":{"line":14,"column":43}},"type":"default-arg","locations":[{"start":{"line":14,"column":28},"end":{"line":14,"column":43}}],"line":14}},"s":{"0":2,"1":2,"2":2},"f":{"0":2},"b":{"0":[2]},"_coverageSchema":"1a1c01bbd47fc00a2c39e90264f33305004495a9","hash":"f126a61ab05cb7b1a16b2921ce65592d1d40c37f"}
,"C:\\Users\\User\\source\\test1\\temp2\\Car-Front-End\\SoftServeCarMobile\\src\\store\\store.tsx": {"path":"C:\\Users\\User\\source\\test1\\temp2\\Car-Front-End\\SoftServeCarMobile\\src\\store\\store.tsx","statementMap":{"0":{"start":{"line":4,"column":21},"end":{"line":4,"column":44}}},"fnMap":{},"branchMap":{},"s":{"0":2},"f":{},"b":{},"_coverageSchema":"1a1c01bbd47fc00a2c39e90264f33305004495a9","hash":"f6174fc8d2a26596595b735c75e3db304e34d2c6"}
}
